

this is MiKTeX Setup Service 4.2 (MiKTeX 21.2)
starting installer...
Loading package database...
starting package maintenance...
installation directory: C:\Architect-build\tools\miktex
package repository: C:\Users\sasab\AppData\Local\Temp\mik98295
visiting repository C:\Users\sasab\AppData\Local\Temp\mik98295...
repository type: local package repository
loading package repository manifest...
package repository digest: 81331bd2b43257106a19b4545543bd17
going to install 17181 file(s) (195 package(s))
extracting files from amsfonts.tar.lzma...
extracting files from amsmath.tar.lzma...
extracting files from arabi.tar.lzma...
extracting files from atbegshi.tar.lzma...
extracting files from atveryend.tar.lzma...
extracting files from avantgar.cab...
extracting files from babel.tar.lzma...
extracting files from babel-english.tar.lzma...
extracting files from biber-windows-x64.tar.lzma...
extracting files from biblatex.tar.lzma...
extracting files from bibtex.tar.lzma...
extracting files from blindtext.tar.lzma...
extracting files from bookman.cab...
extracting files from cbcoptic.tar.lzma...
extracting files from cm.tar.lzma...
extracting files from courier.tar.lzma...
extracting files from csfonts.tar.lzma...
extracting files from csplain.tar.lzma...
extracting files from dehyph.tar.lzma...
extracting files from dvipdfmx.tar.lzma...
extracting files from dvips.tar.lzma...
extracting files from ec.tar.lzma...
extracting files from elhyphen.tar.lzma...
extracting files from enctex.tar.lzma...
extracting files from environ.tar.lzma...
extracting files from epstopdf-pkg.tar.lzma...
extracting files from etoolbox.tar.lzma...
extracting files from everyshi.tar.lzma...
extracting files from fontconfig.tar.lzma...
extracting files from fontspec.tar.lzma...
extracting files from ghostscript.tar.lzma...
extracting files from graphics.tar.lzma...
extracting files from graphics-cfg.tar.lzma...
extracting files from graphics-def.tar.lzma...
extracting files from helvetic.cab...
extracting files from hyperref.tar.lzma...
extracting files from hyph-utf8.tar.lzma...
extracting files from iftex.tar.lzma...
extracting files from knuth-lib.tar.lzma...
extracting files from l3backend.tar.lzma...
extracting files from l3kernel.tar.lzma...
extracting files from l3packages.tar.lzma...
extracting files from latex-firstaid.tar.lzma...
extracting files from latex-fonts.tar.lzma...
extracting files from latex-tools.tar.lzma...
extracting files from listings.tar.lzma...
extracting files from lm.tar.lzma...
extracting files from ltxbase.tar.lzma...
extracting files from lualibs.tar.lzma...
extracting files from luaotfload.tar.lzma...
extracting files from luatex85.tar.lzma...
extracting files from make4ht.tar.lzma...
extracting files from metafont.tar.lzma...
extracting files from metapost.tar.lzma...
extracting files from miktex-arctrl-bin-x64-2.9.tar.lzma...
extracting files from miktex-asymptote-bin-x64-2.9.tar.lzma...
extracting files from miktex-autosp-bin-x64-2.9.tar.lzma...
extracting files from miktex-axohelp-bin-x64-2.9.tar.lzma...
extracting files from miktex-bibarts-bin-x64-2.9.tar.lzma...
extracting files from miktex-bibtex-bin-x64-2.9.tar.lzma...
extracting files from miktex-bibtex8bit-bin-x64-2.9.tar.lzma...
extracting files from miktex-bzip2-bin-x64-2.9.tar.lzma...
extracting files from miktex-cairo-bin-x64-2.9.tar.lzma...
extracting files from miktex-chktex-bin-x64-2.9.tar.lzma...
extracting files from miktex-cjkutils-bin-x64-2.9.tar.lzma...
extracting files from miktex-config-2.9.tar.lzma...
extracting files from miktex-console-bin-x64-2.9.tar.lzma...
extracting files from miktex-curl-bin-x64-2.9.tar.lzma...
extracting files from miktex-cweb-bin-x64-2.9.tar.lzma...
extracting files from miktex-devnag-bin-x64-2.9.tar.lzma...
extracting files from miktex-dict-british.tar.lzma...
extracting files from miktex-dict-english.tar.lzma...
extracting files from miktex-dict-french.tar.lzma...
extracting files from miktex-dict-german.tar.lzma...
extracting files from miktex-dvicopy-bin-x64-2.9.tar.lzma...
extracting files from miktex-dvipdfmx.tar.lzma...
extracting files from miktex-dvipdfmx-bin-x64-2.9.tar.lzma...
extracting files from miktex-dvipng-bin-x64-2.9.tar.lzma...
extracting files from miktex-dvips.tar.lzma...
extracting files from miktex-dvips-bin-x64-2.9.tar.lzma...
extracting files from miktex-dvisvgm-bin-x64-2.9.tar.lzma...
extracting files from miktex-epstopdf-bin-x64-2.9.tar.lzma...
extracting files from miktex-expat-bin-x64-2.9.tar.lzma...
extracting files from miktex-findtexmf-bin-x64-2.9.tar.lzma...
extracting files from miktex-fmt-bin-x64-2.9.tar.lzma...
extracting files from miktex-fontconfig.tar.lzma...
extracting files from miktex-fontconfig-bin-x64-2.9.tar.lzma...
extracting files from miktex-fonts-bin-x64-2.9.tar.lzma...
extracting files from miktex-freeglut-bin-x64-2.9.tar.lzma...
extracting files from miktex-freetype2-bin-x64-2.9.tar.lzma...
extracting files from miktex-fribidixetex-bin-x64-2.9.tar.lzma...
extracting files from miktex-gd-bin-x64-2.9.tar.lzma...
extracting files from miktex-ghostscript-bin-x64.tar.lzma...
extracting files from miktex-graphite2-bin-x64-2.9.tar.lzma...
extracting files from miktex-gregorio-bin-x64-2.9.tar.lzma...
extracting files from miktex-gsf2pk-bin-x64-2.9.tar.lzma...
extracting files from miktex-harfbuzz-bin-x64-2.9.tar.lzma...
extracting files from miktex-hunspell-bin-x64-2.9.tar.lzma...
extracting files from miktex-icu-bin-x64.tar.lzma...
extracting files from miktex-jpeg-bin-x64-2.9.tar.lzma...
extracting files from miktex-kpathsea-bin-x64-2.9.tar.lzma...
extracting files from miktex-lacheck-bin-x64-2.9.tar.lzma...
extracting files from miktex-latex.tar.lzma...
extracting files from miktex-lcdf-typetools-bin-x64-2.9.tar.lzma...
extracting files from miktex-libressl-bin-x64-2.9.tar.lzma...
extracting files from miktex-log4cxx-bin-x64-2.9.tar.lzma...
extracting files from miktex-lua53-bin-x64-2.9.tar.lzma...
extracting files from miktex-luatex.tar.lzma...
extracting files from miktex-luatex-bin-x64-2.9.tar.lzma...
extracting files from miktex-lzma-bin-x64-2.9.tar.lzma...
extracting files from miktex-m-tx-bin-x64-2.9.tar.lzma...
extracting files from miktex-makeindex-bin-x64-2.9.tar.lzma...
extracting files from miktex-md5-bin-x64-2.9.tar.lzma...
extracting files from miktex-metafont.tar.lzma...
extracting files from miktex-metafont-bin-x64-2.9.tar.lzma...
extracting files from miktex-metapost-bin-x64-2.9.tar.lzma...
extracting files from miktex-mfware-bin-x64-2.9.tar.lzma...
extracting files from miktex-misc.tar.lzma...
extracting files from miktex-mkfntmap-bin-x64-2.9.tar.lzma...
extracting files from miktex-mktex-bin-x64-2.9.tar.lzma...
extracting files from miktex-mo-bin-x64-2.9.tar.lzma...
extracting files from miktex-mpfr-bin-x64-2.9.tar.lzma...
extracting files from miktex-mpmcli-bin-x64-2.9.tar.lzma...
extracting files from miktex-mspack-bin-x64-2.9.tar.lzma...
extracting files from miktex-mthelp-bin-x64-2.9.tar.lzma...
extracting files from miktex-mtprint-bin-x64-2.9.tar.lzma...
extracting files from miktex-omegaware-bin-x64-2.9.tar.lzma...
extracting files from miktex-patgen-bin-x64.tar.lzma...
extracting files from miktex-pdftex.tar.lzma...
extracting files from miktex-pdftex-bin-x64-2.9.tar.lzma...
extracting files from miktex-pixman-bin-x64-2.9.tar.lzma...
extracting files from miktex-pmx-bin-x64-2.9.tar.lzma...
extracting files from miktex-png-bin-x64-2.9.tar.lzma...
extracting files from miktex-poppler-bin-x64-2.9.tar.lzma...
extracting files from miktex-popt-bin-x64-2.9.tar.lzma...
extracting files from miktex-posix-bin-x64-2.9.tar.lzma...
extracting files from miktex-ps2pk-bin-x64-2.9.tar.lzma...
extracting files from miktex-psutils-bin-x64-2.9.tar.lzma...
extracting files from miktex-qt5-bin-x64.tar.lzma...
extracting files from miktex-runtime-bin-x64-2.9.tar.lzma...
extracting files from miktex-synctex-bin-x64-2.9.tar.lzma...
extracting files from miktex-tdsutil-bin-x64.tar.lzma...
extracting files from miktex-teckit-bin-x64-2.9.tar.lzma...
extracting files from miktex-tex.tar.lzma...
extracting files from miktex-tex-bin-x64-2.9.tar.lzma...
extracting files from miktex-tex2xindy-bin-x64-2.9.tar.lzma...
extracting files from miktex-tex4ht.tar.lzma...
extracting files from miktex-tex4ht-bin-x64-2.9.tar.lzma...
extracting files from miktex-texify-bin-x64-2.9.tar.lzma...
extracting files from miktex-texware-bin-x64-2.9.tar.lzma...
extracting files from miktex-texworks-bin-x64-2.9.tar.lzma...
extracting files from miktex-ttf2pk2-bin-x64-2.9.tar.lzma...
extracting files from miktex-ucrt-bin-x64.tar.lzma...
extracting files from miktex-upmendex-bin-x64.tar.lzma...
extracting files from miktex-uriparser-bin-x64-2.9.tar.lzma...
extracting files from miktex-vc140-bin-x64.tar.lzma...
extracting files from miktex-web-bin-x64-2.9.tar.lzma...
extracting files from miktex-xetex.tar.lzma...
extracting files from miktex-xetex-bin-x64-2.9.tar.lzma...
extracting files from miktex-xindy-bin-x64.tar.lzma...
extracting files from miktex-xml2pmx-bin-x64.tar.lzma...
extracting files from miktex-yap-bin-x64-2.9.tar.lzma...
extracting files from miktex-zip-bin-x64.tar.lzma...
extracting files from miktex-zlib-bin-x64-2.9.tar.lzma...
extracting files from miktex-zzip-bin-x64-2.9.tar.lzma...
extracting files from modes.tar.lzma...
extracting files from mptopdf.tar.lzma...
extracting files from ms.tar.lzma...
extracting files from ncntrsbk.cab...
extracting files from oberdiek.tar.lzma...
extracting files from palatino.cab...
extracting files from pdftex.tar.lzma...
extracting files from pdftexcmds.tar.lzma...
extracting files from pgf.tar.lzma...
extracting files from pgfplots.tar.lzma...
extracting files from plain.tar.lzma...
extracting files from ragged2e.tar.lzma...
extracting files from rsfs.tar.lzma...
extracting files from ruhyphen.tar.lzma...
extracting files from standalone.tar.lzma...
extracting files from symbol.cab...
extracting files from tcolorbox.tar.lzma...
extracting files from tetex.tar.lzma...
extracting files from tex-ini-files.tar.lzma...
extracting files from tex4ht.tar.lzma...
extracting files from times.cab...
extracting files from trimspaces.tar.lzma...
extracting files from ukrhyph.tar.lzma...
extracting files from unicode-data.tar.lzma...
extracting files from url.tar.lzma...
extracting files from xcolor.tar.lzma...
extracting files from xetex.tar.lzma...
extracting files from xkeyval.tar.lzma...
extracting files from zapfchan.cab...
extracting files from zapfding.cab...
updating package manifests (C:\Architect-build\tools\miktex\miktex/config\package-manifests.ini)...
installed 3897 package manifests
visiting repository C:\Users\sasab\AppData\Local\Temp\mik98295...
repository type: local package repository
loading package repository manifest...
initexmf --principal=setup --user-install=C:\Architect-build\tools\miktex "--common-install=C:\Program Files\MiKTeX" --set-config-value=[Core]SharedSetup=0 --log-file=C:\Architect-build\tools\miktex\miktex/config\uninst.log --disable-installer --verbose:
49 [0x000028dc] INFO initexmf null - this is MiKTeX Configuration Utility 4.3 (MiKTeX 21.2)
50 [0x000028dc] INFO initexmf null - this process (9072) started by 'basic-miktex-21.2-x64' with command line: initexmf --principal=setup --user-install=C:\Architect-build\tools\miktex "--common-install=C:\Program Files\MiKTeX" --set-config-value=[Core]SharedSetup=0 --log-file=C:\Architect-build\tools\miktex\miktex/config\uninst.log --disable-installer --verbose
50 [0x000028dc] INFO initexmf null - Operating on the private (per-user) MiKTeX setup
52 [0x000028dc] INFO initexmf null - Registering root directories...
Registering root directories...
55 [0x000028dc] INFO trace.initexmf.core null - saving startup configuration; setupVersion=21.2
58 [0x000028dc] INFO initexmf null - Setting config value: [Core]SharedSetup=0
Setting config value: [Core]SharedSetup=0
61 [0x000028dc] INFO initexmf null - this process (9072) finishes with exit code 0
initexmf --rmfndb --log-file=C:\Architect-build\tools\miktex\miktex/config\uninst.log --disable-installer --verbose:
mpm --register-components --verbose:
Operating on the private (per-user) MiKTeX setup
configuring fontconfig\config\fonts.conf
initexmf --update-fndb --log-file=C:\Architect-build\tools\miktex\miktex/config\uninst.log --disable-installer --verbose:
Creating fndb for user root directory (C:\Users\sasab\AppData\Roaming\MiKTeX)...
Creating fndb for user root directory (C:\Users\sasab\AppData\Local\MiKTeX)...
Creating fndb for user root directory (C:\Architect-build\tools\miktex)...
Skipping common root directory (C:\ProgramData\MiKTeX)...
Skipping common root directory ("C:\Program Files\MiKTeX")...
Creating fndb for MPM...
initexmf --force --mklinks --log-file=C:\Architect-build\tools\miktex\miktex/config\uninst.log --disable-installer --verbose:
Collecting linked executables in target directory C:\Architect-build\tools\miktex\miktex/bin/x64...
initexmf: warning: The lualatex executable could not be found.
initexmf --mkmaps --mklangs --log-file=C:\Architect-build\tools\miktex\miktex/config\uninst.log --disable-installer --verbose:
Creating language.dat, language.dat.lua and language.def...
initexmf --default-paper-size=A4 --log-file=C:\Architect-build\tools\miktex\miktex/config\uninst.log --disable-installer --verbose:
initexmf --set-config-value=[MPM]AutoInstall=2 --log-file=C:\Architect-build\tools\miktex\miktex/config\uninst.log --disable-installer --verbose:
Setting config value: [MPM]AutoInstall=2
initexmf --update-fndb --log-file=C:\Architect-build\tools\miktex\miktex/config\uninst.log --disable-installer --verbose:
Creating fndb for user root directory (C:\Users\sasab\AppData\Roaming\MiKTeX)...
Creating fndb for user root directory (C:\Users\sasab\AppData\Local\MiKTeX)...
Creating fndb for user root directory (C:\Architect-build\tools\miktex)...
Skipping common root directory (C:\ProgramData\MiKTeX)...
Skipping common root directory ("C:\Program Files\MiKTeX")...
Creating fndb for MPM...
initexmf --register-shell-file-types --log-file=C:\Architect-build\tools\miktex\miktex/config\uninst.log --disable-installer --verbose:
initexmf --modify-path --log-file=C:\Architect-build\tools\miktex\miktex/config\uninst.log --disable-installer --verbose:
initexmf --report --log-file=C:\Architect-build\tools\miktex\miktex/config\uninst.log --disable-installer --verbose:
ReportDate: 2021-03-15 06:49:27
CurrentVersion: 21.2
SetupDate: not yet
SetupVersion: 21.2
Configuration: Regular
GitInfo: 7a7e645 / 2021-02-20 10:38:14
OS: Windows 10 Home, 64-bit, build 19042
SharedSetup: no
LinkTargetDirectory: C:\Architect-build\tools\miktex\miktex\bin\x64
PathOkay: no
LastUpdateCheck: not yet
LastUpdate: not yet
LastUpdateDb: not yet
SystemAdmin: yes
RootPrivileges: no
AdminMode: no
Root0: C:\Users\sasab\AppData\Roaming\MiKTeX
Root1: C:\Users\sasab\AppData\Local\MiKTeX
Root2: C:\Architect-build\tools\miktex
Root3: C:\ProgramData\MiKTeX
Root4: C:\Program Files\MiKTeX
UserInstall: C:\Architect-build\tools\miktex
UserConfig: C:\Users\sasab\AppData\Roaming\MiKTeX
UserData: C:\Users\sasab\AppData\Local\MiKTeX
CommonInstall: C:\Program Files\MiKTeX
CommonConfig: C:\ProgramData\MiKTeX
CommonData: C:\ProgramData\MiKTeX

The following issues were detected:
  1: major issue: So far, you have not checked for MiKTeX updates.
creating shell link "C:\Users\sasab\AppData\Roaming\Microsoft\Windows\Start Menu\Programs\MiKTeX\MiKTeX Console.lnk"...
creating shell link "C:\Users\sasab\AppData\Roaming\Microsoft\Windows\Start Menu\Programs\MiKTeX\TeXworks.lnk"...
