This is pdfTeX, Version 3.1415926-2.3-1.40.12 (MiKTeX 2.9) (preloaded format=pdftex 2011.12.5)  3 NOV 2012 18:19
entering extended mode
**C:/Users/FREDER?1/AppData/Local/Temp/mik23814/_xtr/R-admin.texi
(C:/Users/FREDER~1/AppData/Local/Temp/mik23814/_xtr/R-admin.texi
(d:\dev\tools\MiKTeX\tex\texinfo\base\texinfo.tex
Loading texinfo [version 2011-05-23.16]:
\bindingoffset=\dimen16
\normaloffset=\dimen17
\pagewidth=\dimen18
\pageheight=\dimen19
\outerhsize=\dimen20
\outervsize=\dimen21
\cornerlong=\dimen22
\cornerthick=\dimen23
\topandbottommargin=\dimen24
\headlinebox=\box16
\footlinebox=\box17
\margin=\insert252
\EMsimple=\toks12
\groupbox=\box18
\groupinvalidhelp=\toks13
\mil=\dimen25
\exdentamount=\skip18
\inmarginspacing=\skip19
 pdf,
\tempnum=\count26
\lnkcount=\count27
\filename=\toks14
\filenamelength=\count28
\pgn=\count29
\toksA=\toks15
\toksB=\toks16
\toksC=\toks17
\toksD=\toks18
\boxA=\box19
\countA=\count30
\nopdfimagehelp=\toks19
 fonts,
\sffam=\fam8
\textleading=\dimen26
 markup,
\fontdepth=\count31
 glyphs,
\errorbox=\box20

page headings,
\titlepagetopglue=\skip20
\titlepagebottomglue=\skip21
\evenheadline=\toks20
\oddheadline=\toks21
\evenfootline=\toks22
\oddfootline=\toks23
 tables,
\tableindent=\dimen27
\itemindent=\dimen28
\itemmargin=\dimen29
\itemmax=\dimen30
\itemno=\count32
\multitableparskip=\skip22
\multitableparindent=\skip23
\multitablecolspace=\dimen31
\multitablelinespace=\skip24
\colcount=\count33
\everytab=\toks24
 conditionals,
\doignorecount=\count34
 indexing,
\whatsitskip=\skip25
\whatsitpenalty=\count35
\secondaryindent=\skip26
\partialpage=\box21
\doublecolumnhsize=\dimen32
 sectioning,
\unnumberedno=\count36
\chapno=\count37
\secno=\count38
\subsecno=\count39
\subsubsecno=\count40
\appendixno=\count41
\absseclevel=\count42
\secbase=\count43
\chapheadingskip=\skip27
\secheadingskip=\skip28
\subsecheadingskip=\skip29
 toc,
\tocfile=\write0
\contentsrightmargin=\skip30
\savepageno=\count44
\lastnegativepageno=\count45
\tocindent=\dimen33
 environments,
\lispnarrowing=\skip31
\envskipamount=\skip32
\circthick=\dimen34
\cartouter=\dimen35
\cartinner=\dimen36
\normbskip=\skip33
\normpskip=\skip34
\normlskip=\skip35
\lskip=\skip36
\rskip=\skip37
\nonfillparindent=\dimen37
\tabw=\dimen38
\verbbox=\box22

defuns,
\defbodyindent=\skip38
\defargsindent=\skip39
\deflastargmargin=\skip40
\defunpenalty=\count46
\parencount=\count47
\brackcount=\count48
 macros,
\paramno=\count49
\macname=\toks25
 cross references,
\auxfile=\write1
\savesfregister=\count50
 insertions,
\footnoteno=\count51
\SAVEfootins=\box23
\SAVEmargin=\box24

(C:\architect-build\temp\r\i386\R-2.15.2\doc\manual\epsf.tex
This is `epsf.tex' v2.7.4 <14 February 2011>
\epsffilein=\read0
\epsfframemargin=\dimen39
\epsfframethickness=\dimen40
\epsfrsize=\dimen41
\epsftmp=\dimen42
\epsftsize=\dimen43
\epsfxsize=\dimen44
\epsfysize=\dimen45
\pspoints=\dimen46
)
\noepsfhelp=\toks26
 localization,
\nolanghelp=\toks27
\countUTFx=\count52
\countUTFy=\count53
\countUTFz=\count54
 formatting,
\defaultparindent=\dimen47
 and turning on texinfo input format.)
(C:\architect-build\temp\r\i386\R-2.15.2\doc\manual\R-admin.aux)
@cpindfile=@write2
@fnindfile=@write3
@vrindfile=@write4
@tpindfile=@write5
@kyindfile=@write6
@pgindfile=@write7
@enindfile=@write8
texinfo.tex: doing @include of R-defs.texi


(C:\architect-build\temp\r\i386\R-2.15.2\doc\manual\R-defs.texi
(d:\dev\tools\MiKTeX\tex\texinfo\base\txi-en.tex))
texinfo.tex: doing @include of version.texi


(C:\architect-build\temp\r\i386\R-2.15.2\doc\manual\version.texi) [1{C:/Program
Data/MiKTeX/2.9/pdftex/config/pdftex.map}] [2]
(C:\architect-build\temp\r\i386\R-2.15.2\doc\manual\R-admin.toc [-1] [-2])
[-3] (C:\architect-build\temp\r\i386\R-2.15.2\doc\manual\R-admin.toc)
(C:\architect-build\temp\r\i386\R-2.15.2\doc\manual\R-admin.toc) Chapter 1
[1] Chapter 2 [2] [3] [4] [5] [6] [7]
Underfull \hbox (badness 6775) in paragraph at lines 759--769
@textrm be the last in-stalled, but architecture-specific ver-sions will be ava
il-able in e.g.

@hbox(7.60416+2.12917)x455.24408, glue set 4.07988
.@textrm b
.@kern0.30417
.@textrm e
.@glue 3.65 plus 1.825 minus 1.21666
.@textrm t
.etc.

[8]
Underfull \hbox (badness 10000) in paragraph at lines 851--857
[]@textrm One that may be use-ful when work-ing on R it-self is the op-tion

@hbox(7.60416+2.12917)x455.24408, glue set 6.378
.@hbox(0.0+0.0)x15.0
.@textrm O
.@textrm n
.@textrm e
.@glue 3.65 plus 1.825 minus 1.21666
.etc.


Underfull \hbox (badness 10000) in paragraph at lines 851--857
@textrm `@texttt --disable-byte-compiled-packages[]@textrm '[], which en-sures 
that the base and rec-om-

@hbox(7.60416+2.43333)x455.24408, glue set 5.15172
.@textrm `
.@texttt -
.@texttt -
.@texttt d
.@texttt i
.etc.

[9] Chapter 3 [10]
Underfull \hbox (badness 7685) in paragraph at lines 1031--1035
 []@textrm or per-haps bet-ter, set the en-vi-ron-ment vari-able @texttt TAR_OP
TIONS[] @textrm to the value

@hbox(7.60416+2.12917)x455.24408, glue set 4.25389
.@glue(@leftskip) 21.68121
.@write8{\entry{TAR_OPTIONS}{@folio }{@code {TAR_OPTIONS}}}
.@textrm o
.@textrm r
.@glue 3.65 plus 1.825 minus 1.21666
.etc.

[11] [12]
Underfull \hbox (badness 10000) in paragraph at lines 1171--1175
[]@textrm Running @texttt make[] @textrm in `@textttsl R_HOME@texttt /src/gnuwi
n32/bitmap[]@textrm '[] or @texttt make bitmapdll[] @textrm in

@hbox(7.60416+2.43333)x455.24408, glue set 8.44685
.@hbox(0.0+0.0)x15.0
.@textrm R
.@textrm u
.@textrm n
.@textrm n
.etc.


Underfull \hbox (badness 10000) in paragraph at lines 1171--1175
@textrm `@textttsl R_HOME@texttt /src/gnuwin32[]@textrm '[] should build `@text
tt Rbitmap.dll[]@textrm '[] and in-stall it un-der

@hbox(7.60416+2.43333)x455.24408, glue set 8.45712
.@textrm `
.@textttsl R
.@textttsl _
.@textttsl H
.@textttsl O
.etc.

[13] [14] [15] Chapter 4 [16] Chapter 5 [17] Chapter 6 [18] [19] [20] [21]
[22] [23]
Overfull \hbox (45.05586pt too wide) in paragraph at lines 2031--2031
 []@texttt R --arch @textttsl arch @texttt CMD check -l @textttsl lib-dir @text
tt --extra-arch --install=check:@textttsl pkgname@texttt .log @textttsl pkgname
[] 

@hbox(6.69167+2.43333)x455.24408
.@glue(@leftskip) 28.90755
.@hbox(0.0+0.0)x0.0
.@texttt R
.@penalty 10000
.@glue 5.74869
.etc.


Overfull \hbox (45.05586pt too wide) in paragraph at lines 2051--2051
 []@texttt .../bin/i386/Rcmd check -l @textttsl lib-dir @texttt --extra-arch --
install=check:@textttsl pkgname@texttt .log @textttsl pkgname[] 

@hbox(7.60416+2.43333)x455.24408
.@glue(@leftskip) 28.90755
.@hbox(0.0+0.0)x0.0
.@texttt .
.@texttt .
.@texttt .
.etc.


Overfull \hbox (39.30717pt too wide) in paragraph at lines 2052--2052
 []@texttt .../bin/x64/Rcmd check -l @textttsl lib-dir @texttt --extra-arch --i
nstall=check:@textttsl pkgname@texttt .log @textttsl pkgname[] 

@hbox(7.60416+2.43333)x455.24408
.@glue(@leftskip) 28.90755
.@hbox(0.0+0.0)x0.0
.@texttt .
.@texttt .
.@texttt .
.etc.

Chapter 7 [24] [25] [26] Chapter 8 [27] Chapter 9 [28] [29] [30] Appendix A
[31] [32] [33] [34] [35] [36] [37] [38] [39] Appendix B [40] [41] [42] [43]
[44] Appendix C [45] [46] [47] [48] [49] [50] [51] [52]
Underfull \hbox (badness 10000) in paragraph at lines 4439--4442
[]@textrm You can tar-get spe-cific Sparc ar-chi-tec-tures for (slightly) highe
r per-for-mance:

@hbox(8.2125+2.73749)x455.24408, glue set 4.4255
.@hbox(0.0+0.0)x15.0
.@textrm Y
.@kern-0.91252
.@textrm o
.@textrm u
.etc.

[53] [54] [55] [56] [57] Appendix D [58] [59] [60]
(Function and variable index) [61]
(C:\architect-build\temp\r\i386\R-2.15.2\doc\manual\R-admin.vrs)
(Concept index) [62]
(C:\architect-build\temp\r\i386\R-2.15.2\doc\manual\R-admin.cps)
(Environment variable index) [63]
(C:\architect-build\temp\r\i386\R-2.15.2\doc\manual\R-admin.ens) [64] ) 
Here is how much of TeX's memory you used:
 2480 strings out of 497533
 34621 string characters out of 3209590
 89082 words of memory out of 3000000
 3265 multiletter control sequences out of 15000+200000
 32127 words of font info for 112 fonts, out of 3000000 for 9000
 51 hyphenation exceptions out of 8191
 12i,6n,17p,314b,641s stack positions out of 5000i,500n,10000p,200000b,50000s
<d:/dev/
tools/MiKTeX/fonts/type1/public/amsfonts/cm/cmb10.pfb><d:/dev/tools/MiKTeX/font
s/type1/public/amsfonts/cm/cmbx12.pfb><d:/dev/tools/MiKTeX/fonts/type1/public/a
msfonts/cm/cmmi10.pfb><d:/dev/tools/MiKTeX/fonts/type1/public/amsfonts/cm/cmmi1
2.pfb><d:/dev/tools/MiKTeX/fonts/type1/public/amsfonts/cm/cmmi9.pfb><d:/dev/too
ls/MiKTeX/fonts/type1/public/amsfonts/cm/cmr10.pfb><d:/dev/tools/MiKTeX/fonts/t
ype1/public/amsfonts/cm/cmr7.pfb><d:/dev/tools/MiKTeX/fonts/type1/public/amsfon
ts/cm/cmr8.pfb><d:/dev/tools/MiKTeX/fonts/type1/public/amsfonts/cm/cmr9.pfb><d:
/dev/tools/MiKTeX/fonts/type1/public/amsfonts/cm/cmsl10.pfb><d:/dev/tools/MiKTe
X/fonts/type1/public/amsfonts/cm/cmsltt10.pfb><d:/dev/tools/MiKTeX/fonts/type1/
public/amsfonts/cm/cmsy10.pfb><d:/dev/tools/MiKTeX/fonts/type1/public/amsfonts/
cm/cmti10.pfb><d:/dev/tools/MiKTeX/fonts/type1/public/amsfonts/cm/cmtt10.pfb><d
:/dev/tools/MiKTeX/fonts/type1/public/amsfonts/cm/cmtt9.pfb>
Output written on R-admin.pdf (69 pages, 572749 bytes).
PDF statistics:
 1209 PDF objects out of 1440 (max. 8388607)
 175 named destinations out of 1000 (max. 500000)
 877 words of extra memory for PDF output out of 10000 (max. 10000000)

