This is pdfTeX, Version 3.1415926-2.3-1.40.12 (MiKTeX 2.9) (preloaded format=pdftex 2011.12.5)  3 NOV 2012 18:19
entering extended mode
**C:/Users/FREDER?1/AppData/Local/Temp/mik23828/_xtr/R-exts.texi
(C:/Users/FREDER~1/AppData/Local/Temp/mik23828/_xtr/R-exts.texi
(d:\dev\tools\MiKTeX\tex\texinfo\base\texinfo.tex
Loading texinfo [version 2011-05-23.16]:
\bindingoffset=\dimen16
\normaloffset=\dimen17
\pagewidth=\dimen18
\pageheight=\dimen19
\outerhsize=\dimen20
\outervsize=\dimen21
\cornerlong=\dimen22
\cornerthick=\dimen23
\topandbottommargin=\dimen24
\headlinebox=\box16
\footlinebox=\box17
\margin=\insert252
\EMsimple=\toks12
\groupbox=\box18
\groupinvalidhelp=\toks13
\mil=\dimen25
\exdentamount=\skip18
\inmarginspacing=\skip19
 pdf,
\tempnum=\count26
\lnkcount=\count27
\filename=\toks14
\filenamelength=\count28
\pgn=\count29
\toksA=\toks15
\toksB=\toks16
\toksC=\toks17
\toksD=\toks18
\boxA=\box19
\countA=\count30
\nopdfimagehelp=\toks19
 fonts,
\sffam=\fam8
\textleading=\dimen26
 markup,
\fontdepth=\count31
 glyphs,
\errorbox=\box20

page headings,
\titlepagetopglue=\skip20
\titlepagebottomglue=\skip21
\evenheadline=\toks20
\oddheadline=\toks21
\evenfootline=\toks22
\oddfootline=\toks23
 tables,
\tableindent=\dimen27
\itemindent=\dimen28
\itemmargin=\dimen29
\itemmax=\dimen30
\itemno=\count32
\multitableparskip=\skip22
\multitableparindent=\skip23
\multitablecolspace=\dimen31
\multitablelinespace=\skip24
\colcount=\count33
\everytab=\toks24
 conditionals,
\doignorecount=\count34
 indexing,
\whatsitskip=\skip25
\whatsitpenalty=\count35
\secondaryindent=\skip26
\partialpage=\box21
\doublecolumnhsize=\dimen32
 sectioning,
\unnumberedno=\count36
\chapno=\count37
\secno=\count38
\subsecno=\count39
\subsubsecno=\count40
\appendixno=\count41
\absseclevel=\count42
\secbase=\count43
\chapheadingskip=\skip27
\secheadingskip=\skip28
\subsecheadingskip=\skip29
 toc,
\tocfile=\write0
\contentsrightmargin=\skip30
\savepageno=\count44
\lastnegativepageno=\count45
\tocindent=\dimen33
 environments,
\lispnarrowing=\skip31
\envskipamount=\skip32
\circthick=\dimen34
\cartouter=\dimen35
\cartinner=\dimen36
\normbskip=\skip33
\normpskip=\skip34
\normlskip=\skip35
\lskip=\skip36
\rskip=\skip37
\nonfillparindent=\dimen37
\tabw=\dimen38
\verbbox=\box22

defuns,
\defbodyindent=\skip38
\defargsindent=\skip39
\deflastargmargin=\skip40
\defunpenalty=\count46
\parencount=\count47
\brackcount=\count48
 macros,
\paramno=\count49
\macname=\toks25
 cross references,
\auxfile=\write1
\savesfregister=\count50
 insertions,
\footnoteno=\count51
\SAVEfootins=\box23
\SAVEmargin=\box24

(C:\architect-build\temp\r\i386\R-2.15.2\doc\manual\epsf.tex
This is `epsf.tex' v2.7.4 <14 February 2011>
\epsffilein=\read0
\epsfframemargin=\dimen39
\epsfframethickness=\dimen40
\epsfrsize=\dimen41
\epsftmp=\dimen42
\epsftsize=\dimen43
\epsfxsize=\dimen44
\epsfysize=\dimen45
\pspoints=\dimen46
)
\noepsfhelp=\toks26
 localization,
\nolanghelp=\toks27
\countUTFx=\count52
\countUTFy=\count53
\countUTFz=\count54
 formatting,
\defaultparindent=\dimen47
 and turning on texinfo input format.)
(C:\architect-build\temp\r\i386\R-2.15.2\doc\manual\R-exts.aux)
@cpindfile=@write2
@fnindfile=@write3
@vrindfile=@write4
@tpindfile=@write5
@kyindfile=@write6
@pgindfile=@write7
texinfo.tex: doing @include of R-defs.texi


(C:\architect-build\temp\r\i386\R-2.15.2\doc\manual\R-defs.texi
(d:\dev\tools\MiKTeX\tex\texinfo\base\txi-en.tex))
texinfo.tex: doing @include of version.texi


(C:\architect-build\temp\r\i386\R-2.15.2\doc\manual\version.texi) [1{C:/Program
Data/MiKTeX/2.9/pdftex/config/pdftex.map}] [2]
(C:\architect-build\temp\r\i386\R-2.15.2\doc\manual\R-exts.toc [-1] [-2]
[-3]) [-4] (C:\architect-build\temp\r\i386\R-2.15.2\doc\manual\R-exts.toc)
(C:\architect-build\temp\r\i386\R-2.15.2\doc\manual\R-exts.toc)
(Acknowledgements) Chapter 1 [1] [2] [3] [4] [5] [6] [7] [8] [9] [10] [11]
[12] [13] [14] [15] [16] [17] [18] [19]
Overfull \hbox (46.15797pt too wide) in paragraph at lines 1698--1698
 []@smalltt SOURCES = $(wildcard data/*.cpp network/*.cpp utils/*.cpp model/*.c
pp model/*/*.cpp model/*/*/*.cpp)[] 

@hbox(6.25+2.0)x455.24408
.@glue(@leftskip) 28.90755
.@hbox(0.0+0.0)x0.0
.@smalltt S
.@smalltt O
.@smalltt U
.etc.


Overfull \hbox (31.98314pt too wide) in paragraph at lines 1700--1700
 []@smalltt OBJECTS = siena07utilities.o siena07internals.o siena07setup.o sien
a07models.o $(SOURCES:.cpp=.o)[] 

@hbox(6.25+2.0)x455.24408
.@glue(@leftskip) 28.90755
.@hbox(0.0+0.0)x0.0
.@smalltt O
.@smalltt B
.@smalltt J
.etc.

[20] [21] [22] [23] [24] [25] [26] [27] [28] [29] [30]
Underfull \hbox (badness 7814) in paragraph at lines 2673--2677
 []@textrm Read through the PDF man-ual that was pro-duced by @texttt R CMD che
ck[] @textrm at

@hbox(7.60416+2.12917)x455.24408, glue set 4.27765
.@glue(@leftskip) 43.36243
.@hbox(4.86667+0.0)x0.0, glue set - 12.70244fil
..@glue 0.0 plus 1.0fil minus 1.0fil
..@mathon
..@textsy 
..@mathoff
..@kern 7.22743
.@textrm R
.@textrm e
.@textrm a
.etc.

[31] [32] [33] [34] [35] [36] [37] [38]
Overfull \hbox (33.55849pt too wide) in paragraph at lines 3403--3403
 []@texttt exportMethods(coef, confint, logLik, plot, profile, summary, show, u
pdate, vcov)[] 

@hbox(7.60416+2.43333)x455.24408
.@glue(@leftskip) 28.90755
.@hbox(0.0+0.0)x0.0
.@texttt e
.@texttt x
.@texttt p
.etc.

[39] [40] [41] [42] [43] [44] [45] [46] Chapter 2 [47] [48] [49] [50] [51]
[52] [53] [54] [55] [56] [57] [58]
Underfull \hbox (badness 10000) in paragraph at lines 5164--5171
[]@textrm The two com-monly used sim-ple forms are @texttt \figure{@textttsl fi
lename@texttt }[] @textrm and

@hbox(7.60416+2.43333)x455.24408, glue set 8.06836
.@hbox(0.0+0.0)x15.0
.@textrm T
.@textrm h
.@textrm e
.@glue 3.65 plus 1.825 minus 1.21666
.etc.

[59] [60]
Underfull \hbox (badness 10000) in paragraph at lines 5341--5347
[]@textrm The @texttt \out{@textttsl literal@texttt }[] @textrm macro would usu
-ally be used within the @textsl text @textrm part of

@hbox(7.60416+2.12917)x455.24408, glue set 4.41359
.@hbox(0.0+0.0)x15.0
.@textrm T
.@textrm h
.@textrm e
.@glue 3.65 plus 1.825 minus 1.21666
.etc.

[61] [62] [63] Chapter 3 [64] [65] [66] [67] [68] [69] Chapter 4 [70] [71]
[72] [73] [74]
Underfull \hbox (badness 10000) in paragraph at lines 6467--6476
[]@texttt debug[] @textrm can be used for hid-den func-tions and S3 meth-ods by
 e.g.

@hbox(7.60416+2.43333)x455.24408, glue set 6.76028
.@hbox(0.0+0.0)x15.0
.@texttt d
.@texttt e
.@texttt b
.@texttt u
.etc.

[75] [76] [77] [78] [79] [80] Chapter 5 [81] [82] [83] [84] [85] [86] [87]
[88] [89] [90] [91]
Overfull \hbox (114.04012pt too wide) in paragraph at lines 7909--7909
 []@texttt PKGB_PATH=`echo 'cat(system.file("libs", .Platform$r_arch, package="
packB", mustWork=TRUE))' \[] 

@hbox(7.60416+2.43333)x455.24408
.@glue(@leftskip) 28.90755
.@hbox(0.0+0.0)x0.0
.@texttt P
.@texttt K
.@texttt G
.etc.


Overfull \hbox (114.04012pt too wide) in paragraph at lines 7922--7922
 []@texttt PKGB_PATH=`echo 'cat(system.file("libs", .Platform$r_arch, package="
packB", mustWork=TRUE))' \[] 

@hbox(7.60416+2.43333)x455.24408
.@glue(@leftskip) 28.90755
.@hbox(0.0+0.0)x0.0
.@texttt P
.@texttt K
.@texttt G
.etc.


Overfull \hbox (16.31242pt too wide) in paragraph at lines 7943--7943
 []@texttt PKGB_PATH=`echo 'library(packB); cat(system.file("libs", package="pa
ckB"))' \[] 

@hbox(7.60416+2.43333)x455.24408
.@glue(@leftskip) 28.90755
.@hbox(0.0+0.0)x0.0
.@texttt P
.@texttt K
.@texttt G
.etc.

[92]
Overfull \hbox (37.99364pt too wide) in paragraph at lines 7992--7992
 []@texttt PKGB_PATH=`echo 'library(packB); cat(system.file("libs", package="pa
ckB"))' \[] 

@hbox(7.60416+2.43333)x455.24408
.@glue(@leftskip) 50.58876
.@hbox(0.0+0.0)x0.0
.@texttt P
.@texttt K
.@texttt G
.etc.

[93] [94] [95] [96] [97] [98] [99] [100] [101]
Underfull \hbox (badness 10000) in paragraph at lines 8801--8803
[]@textrm Functions @texttt any_duplicated[] @textrm and @texttt any_duplicated
3[] @textrm are fast ver-sions of R's

@hbox(7.60416+2.43333)x455.24408, glue set 5.89758
.@hbox(0.0+0.0)x15.0
.@textrm F
.@kern-0.91252
.@textrm u
.@textrm n
.etc.

[102] [103] [104] [105] [106] [107] [108] [109] [110] [111] [112] [113]
[114]
Overfull \hbox (22.06111pt too wide) in paragraph at lines 9827--9827
 []    @texttt ptr = R_MakeExternalPtr(thisHandle, install("RODBC_channel"), R_
NilValue);[] 

@hbox(7.60416+2.43333)x455.24408
.@glue(@leftskip) 28.90755
.@hbox(0.0+0.0)x0.0
.@penalty 10000
.@glue 5.74869
.@penalty 10000
.etc.

[115] Chapter 6 [116] [117] [118] [119] [120] [121] [122] [123] [124] [125]
[126] [127] [128] [129] [130] [131]
Underfull \hbox (badness 10000) in paragraph at lines 11396--11401
[]@textrm The graph-ics sys-tems are ex-posed in head-ers `@texttt R_ext/Graphi
csEngine.h[]@textrm '[],

@hbox(7.60416+2.43333)x455.24408, glue set 6.74005
.@hbox(0.0+0.0)x15.0
.@textrm T
.@textrm h
.@textrm e
.@glue 3.65 plus 1.825 minus 1.21666
.etc.

Chapter 7 [132] [133] Chapter 8 [134] [135] [136] [137] [138] [139]
Underfull \hbox (badness 10000) in paragraph at lines 12022--12029
 @texttt internet/nanoftp.c[]@textrm '[], `@texttt src/modules/internet/nanohtt
p.c[]@textrm '[] and `@texttt src/modules/

@hbox(7.60416+2.43333)x455.24408, glue set 6.59102
.@glue(@leftskip) 21.68121
.@texttt i
.@texttt n
.@texttt t
.@texttt e
.etc.

[140] [141] [142]
Underfull \hbox (badness 10000) in paragraph at lines 12284--12291
 @texttt MACHINE\Software\R-core\R\InstallPath[] @textrm from an ad-min-is-tra-
tive in-stall and

@hbox(7.60416+0.91246)x455.24408, glue set 5.8173
.@glue(@leftskip) 21.68121
.@texttt M
.@texttt A
.@texttt C
.@texttt H
.etc.

[143] [144] (Function and variable index) [145]
(C:\architect-build\temp\r\i386\R-2.15.2\doc\manual\R-exts.vrs [146] [147])
(Concept index) [148]
(C:\architect-build\temp\r\i386\R-2.15.2\doc\manual\R-exts.cps [149]) [150] ) 
Here is how much of TeX's memory you used:
 2880 strings out of 497533
 42216 string characters out of 3209590
 115202 words of memory out of 3000000
 3523 multiletter control sequences out of 15000+200000
 32127 words of font info for 112 fonts, out of 3000000 for 9000
 51 hyphenation exceptions out of 8191
 16i,6n,17p,313b,804s stack positions out of 5000i,500n,10000p,200000b,50000s
<d
:/dev/tools/MiKTeX/fonts/type1/public/amsfonts/cm/cmb10.pfb><d:/dev/tools/MiKTe
X/fonts/type1/public/amsfonts/cm/cmbx12.pfb><d:/dev/tools/MiKTeX/fonts/type1/pu
blic/amsfonts/cm/cmmi10.pfb><d:/dev/tools/MiKTeX/fonts/type1/public/amsfonts/cm
/cmmi12.pfb><d:/dev/tools/MiKTeX/fonts/type1/public/amsfonts/cm/cmmi7.pfb><d:/d
ev/tools/MiKTeX/fonts/type1/public/amsfonts/cm/cmmi9.pfb><d:/dev/tools/MiKTeX/f
onts/type1/public/amsfonts/cm/cmr10.pfb><d:/dev/tools/MiKTeX/fonts/type1/public
/amsfonts/cm/cmr7.pfb><d:/dev/tools/MiKTeX/fonts/type1/public/amsfonts/cm/cmr8.
pfb><d:/dev/tools/MiKTeX/fonts/type1/public/amsfonts/cm/cmr9.pfb><d:/dev/tools/
MiKTeX/fonts/type1/public/amsfonts/cm/cmsl10.pfb><d:/dev/tools/MiKTeX/fonts/typ
e1/public/amsfonts/cm/cmsltt10.pfb><d:/dev/tools/MiKTeX/fonts/type1/public/amsf
onts/cm/cmss10.pfb><d:/dev/tools/MiKTeX/fonts/type1/public/amsfonts/cm/cmsy10.p
fb><d:/dev/tools/MiKTeX/fonts/type1/public/amsfonts/cm/cmsy7.pfb><d:/dev/tools/
MiKTeX/fonts/type1/public/amsfonts/cm/cmti10.pfb><d:/dev/tools/MiKTeX/fonts/typ
e1/public/amsfonts/cm/cmti9.pfb><d:/dev/tools/MiKTeX/fonts/type1/public/amsfont
s/cm/cmtt10.pfb><d:/dev/tools/MiKTeX/fonts/type1/public/amsfonts/cm/cmtt12.pfb>
<d:/dev/tools/MiKTeX/fonts/type1/public/amsfonts/cm/cmtt9.pfb><d:/dev/tools/MiK
TeX/fonts/type1/public/amsfonts/latxfont/lcircle1.pfb>
Output written on R-exts.pdf (156 pages, 1040934 bytes).
PDF statistics:
 2251 PDF objects out of 2487 (max. 8388607)
 321 named destinations out of 1000 (max. 500000)
 1365 words of extra memory for PDF output out of 10000 (max. 10000000)

