This is pdfTeX, Version 3.1415926-2.3-1.40.12 (MiKTeX 2.9) (preloaded format=pdftex 2011.12.5)  3 NOV 2012 18:19
entering extended mode
**C:/Users/FREDER?1/AppData/Local/Temp/mik23840/_xtr/R-intro.texi
(C:/Users/FREDER~1/AppData/Local/Temp/mik23840/_xtr/R-intro.texi
(d:\dev\tools\MiKTeX\tex\texinfo\base\texinfo.tex
Loading texinfo [version 2011-05-23.16]:
\bindingoffset=\dimen16
\normaloffset=\dimen17
\pagewidth=\dimen18
\pageheight=\dimen19
\outerhsize=\dimen20
\outervsize=\dimen21
\cornerlong=\dimen22
\cornerthick=\dimen23
\topandbottommargin=\dimen24
\headlinebox=\box16
\footlinebox=\box17
\margin=\insert252
\EMsimple=\toks12
\groupbox=\box18
\groupinvalidhelp=\toks13
\mil=\dimen25
\exdentamount=\skip18
\inmarginspacing=\skip19
 pdf,
\tempnum=\count26
\lnkcount=\count27
\filename=\toks14
\filenamelength=\count28
\pgn=\count29
\toksA=\toks15
\toksB=\toks16
\toksC=\toks17
\toksD=\toks18
\boxA=\box19
\countA=\count30
\nopdfimagehelp=\toks19
 fonts,
\sffam=\fam8
\textleading=\dimen26
 markup,
\fontdepth=\count31
 glyphs,
\errorbox=\box20

page headings,
\titlepagetopglue=\skip20
\titlepagebottomglue=\skip21
\evenheadline=\toks20
\oddheadline=\toks21
\evenfootline=\toks22
\oddfootline=\toks23
 tables,
\tableindent=\dimen27
\itemindent=\dimen28
\itemmargin=\dimen29
\itemmax=\dimen30
\itemno=\count32
\multitableparskip=\skip22
\multitableparindent=\skip23
\multitablecolspace=\dimen31
\multitablelinespace=\skip24
\colcount=\count33
\everytab=\toks24
 conditionals,
\doignorecount=\count34
 indexing,
\whatsitskip=\skip25
\whatsitpenalty=\count35
\secondaryindent=\skip26
\partialpage=\box21
\doublecolumnhsize=\dimen32
 sectioning,
\unnumberedno=\count36
\chapno=\count37
\secno=\count38
\subsecno=\count39
\subsubsecno=\count40
\appendixno=\count41
\absseclevel=\count42
\secbase=\count43
\chapheadingskip=\skip27
\secheadingskip=\skip28
\subsecheadingskip=\skip29
 toc,
\tocfile=\write0
\contentsrightmargin=\skip30
\savepageno=\count44
\lastnegativepageno=\count45
\tocindent=\dimen33
 environments,
\lispnarrowing=\skip31
\envskipamount=\skip32
\circthick=\dimen34
\cartouter=\dimen35
\cartinner=\dimen36
\normbskip=\skip33
\normpskip=\skip34
\normlskip=\skip35
\lskip=\skip36
\rskip=\skip37
\nonfillparindent=\dimen37
\tabw=\dimen38
\verbbox=\box22

defuns,
\defbodyindent=\skip38
\defargsindent=\skip39
\deflastargmargin=\skip40
\defunpenalty=\count46
\parencount=\count47
\brackcount=\count48
 macros,
\paramno=\count49
\macname=\toks25
 cross references,
\auxfile=\write1
\savesfregister=\count50
 insertions,
\footnoteno=\count51
\SAVEfootins=\box23
\SAVEmargin=\box24

(C:\architect-build\temp\r\i386\R-2.15.2\doc\manual\epsf.tex
This is `epsf.tex' v2.7.4 <14 February 2011>
\epsffilein=\read0
\epsfframemargin=\dimen39
\epsfframethickness=\dimen40
\epsfrsize=\dimen41
\epsftmp=\dimen42
\epsftsize=\dimen43
\epsfxsize=\dimen44
\epsfysize=\dimen45
\pspoints=\dimen46
)
\noepsfhelp=\toks26
 localization,
\nolanghelp=\toks27
\countUTFx=\count52
\countUTFy=\count53
\countUTFz=\count54
 formatting,
\defaultparindent=\dimen47
 and turning on texinfo input format.)
(C:\architect-build\temp\r\i386\R-2.15.2\doc\manual\R-intro.aux)
@cpindfile=@write2
@fnindfile=@write3
@vrindfile=@write4
@tpindfile=@write5
@kyindfile=@write6
@pgindfile=@write7
texinfo.tex: doing @include of R-defs.texi


(C:\architect-build\temp\r\i386\R-2.15.2\doc\manual\R-defs.texi
(d:\dev\tools\MiKTeX\tex\texinfo\base\txi-en.tex))
texinfo.tex: doing @include of version.texi


(C:\architect-build\temp\r\i386\R-2.15.2\doc\manual\version.texi) [1{C:/Program
Data/MiKTeX/2.9/pdftex/config/pdftex.map}] [2]
(C:\architect-build\temp\r\i386\R-2.15.2\doc\manual\R-intro.toc [-1] [-2]
[-3]) [-4] (C:\architect-build\temp\r\i386\R-2.15.2\doc\manual\R-intro.toc)
(C:\architect-build\temp\r\i386\R-2.15.2\doc\manual\R-intro.toc) (Preface)
Chapter 1 [1] [2] [3] [4] [5] Chapter 2 [6] [7] [8] [9] [10] [11] Chapter 3
[12] [13] [14] Chapter 4 [15] [16] Chapter 5 [17] [18] [19] [20] [21] [22]
[23] [24] Chapter 6 [25] [26] [27] [28] Chapter 7 [29] [30] [31] Chapter 8
[32] [33] <C:/architect-build/temp/r/i386/R-2.15.2/doc/manual/images/hist.pdf>
[34] <C:/architect-build/temp/r/i386/R-2.15.2/doc/manual/images/ecdf.pdf> <C:/a
rchitect-build/temp/r/i386/R-2.15.2/doc/manual/images/QQ.pdf> [35] [36] <C:/arc
hitect-build/temp/r/i386/R-2.15.2/doc/manual/images/ice.pdf> [37] [38]
Chapter 9 [39] [40] Chapter 10 [41] [42] [43] [44] [45] [46] [47] [48]
Chapter 11 [49] [50] [51] [52] [53] [54] [55] [56] [57] [58] [59] [60]
Chapter 12 [61] [62] [63] [64] [65] [66] [67] [68] [69] <C:/architect-build/tem
p/r/i386/R-2.15.2/doc/manual/images/fig11.pdf> [70] <C:/architect-build/temp/r/
i386/R-2.15.2/doc/manual/images/fig12.pdf> [71] [72] [73] [74] Chapter 13
[75] [76] Appendix A [77] [78] [79] Appendix B [80] [81] [82] [83] [84]
[85] [86] Appendix C [87] [88] Appendix D [89]
(C:\architect-build\temp\r\i386\R-2.15.2\doc\manual\R-intro.vrs [90] [91])
Appendix E [92] (C:\architect-build\temp\r\i386\R-2.15.2\doc\manual\R-intro.cps
[93]) Appendix F [94] [95] ) 
Here is how much of TeX's memory you used:
 2686 strings out of 497533
 40333 string characters out of 3209590
 107539 words of memory out of 3000000
 3405 multiletter control sequences out of 15000+200000
 32896 words of font info for 113 fonts, out of 3000000 for 9000
 51 hyphenation exceptions out of 8191
 13i,6n,17p,314b,724s stack positions out of 5000i,500n,10000p,200000b,50000s
 <C:\Users\Frederick\AppData\Local\MiKTeX\2.9\fonts
\pk\ljfour\jknappen\ec\dpi603\ecrm1095.pk><d:/dev/tools/MiKTeX/fonts/type1/publ
ic/amsfonts/cm/cmb10.pfb><d:/dev/tools/MiKTeX/fonts/type1/public/amsfonts/cm/cm
bx12.pfb><d:/dev/tools/MiKTeX/fonts/type1/public/amsfonts/cm/cmbx7.pfb><d:/dev/
tools/MiKTeX/fonts/type1/public/amsfonts/cm/cmcsc10.pfb><d:/dev/tools/MiKTeX/fo
nts/type1/public/amsfonts/cm/cmex10.pfb><d:/dev/tools/MiKTeX/fonts/type1/public
/amsfonts/cm/cmmi10.pfb><d:/dev/tools/MiKTeX/fonts/type1/public/amsfonts/cm/cmm
i12.pfb><d:/dev/tools/MiKTeX/fonts/type1/public/amsfonts/cm/cmmi7.pfb><d:/dev/t
ools/MiKTeX/fonts/type1/public/amsfonts/cm/cmmi9.pfb><d:/dev/tools/MiKTeX/fonts
/type1/public/amsfonts/cm/cmr10.pfb><d:/dev/tools/MiKTeX/fonts/type1/public/ams
fonts/cm/cmr7.pfb><d:/dev/tools/MiKTeX/fonts/type1/public/amsfonts/cm/cmr8.pfb>
<d:/dev/tools/MiKTeX/fonts/type1/public/amsfonts/cm/cmr9.pfb><d:/dev/tools/MiKT
eX/fonts/type1/public/amsfonts/cm/cmsl10.pfb><d:/dev/tools/MiKTeX/fonts/type1/p
ublic/amsfonts/cm/cmsl9.pfb><d:/dev/tools/MiKTeX/fonts/type1/public/amsfonts/cm
/cmsltt10.pfb><d:/dev/tools/MiKTeX/fonts/type1/public/amsfonts/cm/cmsy10.pfb><d
:/dev/tools/MiKTeX/fonts/type1/public/amsfonts/cm/cmsy7.pfb><d:/dev/tools/MiKTe
X/fonts/type1/public/amsfonts/cm/cmti10.pfb><d:/dev/tools/MiKTeX/fonts/type1/pu
blic/amsfonts/cm/cmti9.pfb><d:/dev/tools/MiKTeX/fonts/type1/public/amsfonts/cm/
cmtt10.pfb><d:/dev/tools/MiKTeX/fonts/type1/public/amsfonts/cm/cmtt12.pfb><d:/d
ev/tools/MiKTeX/fonts/type1/public/amsfonts/cm/cmtt9.pfb><d:/dev/tools/MiKTeX/f
onts/type1/public/amsfonts/latxfont/lcircle1.pfb>
Output written on R-intro.pdf (101 pages, 788662 bytes).
PDF statistics:
 1674 PDF objects out of 1728 (max. 8388607)
 233 named destinations out of 1000 (max. 500000)
 1163 words of extra memory for PDF output out of 10000 (max. 10000000)

