\BOOKMARK [0][-]{contents.0}{Contents}{}% 1
\BOOKMARK [0][-]{chapter.1}{The base package}{}% 2
\BOOKMARK [1][-]{Rfn.base.Rdash.package.1}{base-package}{chapter.1}% 3
\BOOKMARK [1][-]{Rfn..bincode.1}{.bincode}{chapter.1}% 4
\BOOKMARK [1][-]{Rfn..Device.1}{.Device}{chapter.1}% 5
\BOOKMARK [1][-]{Rfn..Machine.1}{.Machine}{chapter.1}% 6
\BOOKMARK [1][-]{Rfn..Platform.1}{.Platform}{chapter.1}% 7
\BOOKMARK [1][-]{Rfn.abbreviate.1}{abbreviate}{chapter.1}% 8
\BOOKMARK [1][-]{Rfn.agrep.1}{agrep}{chapter.1}% 9
\BOOKMARK [1][-]{Rfn.all.1}{all}{chapter.1}% 10
\BOOKMARK [1][-]{Rfn.all.equal.1}{all.equal}{chapter.1}% 11
\BOOKMARK [1][-]{Rfn.all.names.1}{all.names}{chapter.1}% 12
\BOOKMARK [1][-]{Rfn.any.1}{any}{chapter.1}% 13
\BOOKMARK [1][-]{Rfn.aperm.1}{aperm}{chapter.1}% 14
\BOOKMARK [1][-]{Rfn.append.1}{append}{chapter.1}% 15
\BOOKMARK [1][-]{Rfn.apply.1}{apply}{chapter.1}% 16
\BOOKMARK [1][-]{Rfn.args.1}{args}{chapter.1}% 17
\BOOKMARK [1][-]{Rfn.Arithmetic.1}{Arithmetic}{chapter.1}% 18
\BOOKMARK [1][-]{Rfn.array.1}{array}{chapter.1}% 19
\BOOKMARK [1][-]{Rfn.as.data.frame.1}{as.data.frame}{chapter.1}% 20
\BOOKMARK [1][-]{Rfn.as.Date.1}{as.Date}{chapter.1}% 21
\BOOKMARK [1][-]{Rfn.as.environment.1}{as.environment}{chapter.1}% 22
\BOOKMARK [1][-]{Rfn.as.function.1}{as.function}{chapter.1}% 23
\BOOKMARK [1][-]{Rfn.as.POSIX*.1}{as.POSIX*}{chapter.1}% 24
\BOOKMARK [1][-]{Rfn.AsIs.1}{AsIs}{chapter.1}% 25
\BOOKMARK [1][-]{Rfn.assign.1}{assign}{chapter.1}% 26
\BOOKMARK [1][-]{Rfn.assignOps.1}{assignOps}{chapter.1}% 27
\BOOKMARK [1][-]{Rfn.attach.1}{attach}{chapter.1}% 28
\BOOKMARK [1][-]{Rfn.attr.1}{attr}{chapter.1}% 29
\BOOKMARK [1][-]{Rfn.attributes.1}{attributes}{chapter.1}% 30
\BOOKMARK [1][-]{Rfn.autoload.1}{autoload}{chapter.1}% 31
\BOOKMARK [1][-]{Rfn.backsolve.1}{backsolve}{chapter.1}% 32
\BOOKMARK [1][-]{Rfn.basename.1}{basename}{chapter.1}% 33
\BOOKMARK [1][-]{Rfn.Bessel.1}{Bessel}{chapter.1}% 34
\BOOKMARK [1][-]{Rfn.bindenv.1}{bindenv}{chapter.1}% 35
\BOOKMARK [1][-]{Rfn.body.1}{body}{chapter.1}% 36
\BOOKMARK [1][-]{Rfn.bquote.1}{bquote}{chapter.1}% 37
\BOOKMARK [1][-]{Rfn.browser.1}{browser}{chapter.1}% 38
\BOOKMARK [1][-]{Rfn.browserText.1}{browserText}{chapter.1}% 39
\BOOKMARK [1][-]{Rfn.builtins.1}{builtins}{chapter.1}% 40
\BOOKMARK [1][-]{Rfn.by.1}{by}{chapter.1}% 41
\BOOKMARK [1][-]{Rfn.c.1}{c}{chapter.1}% 42
\BOOKMARK [1][-]{Rfn.call.1}{call}{chapter.1}% 43
\BOOKMARK [1][-]{Rfn.callCC.1}{callCC}{chapter.1}% 44
\BOOKMARK [1][-]{Rfn.CallExternal.1}{CallExternal}{chapter.1}% 45
\BOOKMARK [1][-]{Rfn.capabilities.1}{capabilities}{chapter.1}% 46
\BOOKMARK [1][-]{Rfn.cat.1}{cat}{chapter.1}% 47
\BOOKMARK [1][-]{Rfn.cbind.1}{cbind}{chapter.1}% 48
\BOOKMARK [1][-]{Rfn.char.expand.1}{char.expand}{chapter.1}% 49
\BOOKMARK [1][-]{Rfn.character.1}{character}{chapter.1}% 50
\BOOKMARK [1][-]{Rfn.charmatch.1}{charmatch}{chapter.1}% 51
\BOOKMARK [1][-]{Rfn.chartr.1}{chartr}{chapter.1}% 52
\BOOKMARK [1][-]{Rfn.chol.1}{chol}{chapter.1}% 53
\BOOKMARK [1][-]{Rfn.chol2inv.1}{chol2inv}{chapter.1}% 54
\BOOKMARK [1][-]{Rfn.class.1}{class}{chapter.1}% 55
\BOOKMARK [1][-]{Rfn.col.1}{col}{chapter.1}% 56
\BOOKMARK [1][-]{Rfn.Colon.1}{Colon}{chapter.1}% 57
\BOOKMARK [1][-]{Rfn.colSums.1}{colSums}{chapter.1}% 58
\BOOKMARK [1][-]{Rfn.commandArgs.1}{commandArgs}{chapter.1}% 59
\BOOKMARK [1][-]{Rfn.comment.1}{comment}{chapter.1}% 60
\BOOKMARK [1][-]{Rfn.Comparison.1}{Comparison}{chapter.1}% 61
\BOOKMARK [1][-]{Rfn.complex.1}{complex}{chapter.1}% 62
\BOOKMARK [1][-]{Rfn.conditions.1}{conditions}{chapter.1}% 63
\BOOKMARK [1][-]{Rfn.conflicts.1}{conflicts}{chapter.1}% 64
\BOOKMARK [1][-]{Rfn.connections.1}{connections}{chapter.1}% 65
\BOOKMARK [1][-]{Rfn.Constants.1}{Constants}{chapter.1}% 66
\BOOKMARK [1][-]{Rfn.contributors.1}{contributors}{chapter.1}% 67
\BOOKMARK [1][-]{Rfn.Control.1}{Control}{chapter.1}% 68
\BOOKMARK [1][-]{Rfn.converters.1}{converters}{chapter.1}% 69
\BOOKMARK [1][-]{Rfn.copyright.1}{copyright}{chapter.1}% 70
\BOOKMARK [1][-]{Rfn.crossprod.1}{crossprod}{chapter.1}% 71
\BOOKMARK [1][-]{Rfn.Cstack.Rul.info.1}{Cstack\137info}{chapter.1}% 72
\BOOKMARK [1][-]{Rfn.cumsum.1}{cumsum}{chapter.1}% 73
\BOOKMARK [1][-]{Rfn.cut.1}{cut}{chapter.1}% 74
\BOOKMARK [1][-]{Rfn.cut.POSIXt.1}{cut.POSIXt}{chapter.1}% 75
\BOOKMARK [1][-]{Rfn.data.class.1}{data.class}{chapter.1}% 76
\BOOKMARK [1][-]{Rfn.data.frame.1}{data.frame}{chapter.1}% 77
\BOOKMARK [1][-]{Rfn.data.matrix.1}{data.matrix}{chapter.1}% 78
\BOOKMARK [1][-]{Rfn.date.1}{date}{chapter.1}% 79
\BOOKMARK [1][-]{Rfn.Dates.1}{Dates}{chapter.1}% 80
\BOOKMARK [1][-]{Rfn.DateTimeClasses.1}{DateTimeClasses}{chapter.1}% 81
\BOOKMARK [1][-]{Rfn.dcf.1}{dcf}{chapter.1}% 82
\BOOKMARK [1][-]{Rfn.debug.1}{debug}{chapter.1}% 83
\BOOKMARK [1][-]{Rfn.Defunct.1}{Defunct}{chapter.1}% 84
\BOOKMARK [1][-]{Rfn.delayedAssign.1}{delayedAssign}{chapter.1}% 85
\BOOKMARK [1][-]{Rfn.deparse.1}{deparse}{chapter.1}% 86
\BOOKMARK [1][-]{Rfn.deparseOpts.1}{deparseOpts}{chapter.1}% 87
\BOOKMARK [1][-]{Rfn.Deprecated.1}{Deprecated}{chapter.1}% 88
\BOOKMARK [1][-]{Rfn.det.1}{det}{chapter.1}% 89
\BOOKMARK [1][-]{Rfn.detach.1}{detach}{chapter.1}% 90
\BOOKMARK [1][-]{Rfn.diag.1}{diag}{chapter.1}% 91
\BOOKMARK [1][-]{Rfn.diff.1}{diff}{chapter.1}% 92
\BOOKMARK [1][-]{Rfn.difftime.1}{difftime}{chapter.1}% 93
\BOOKMARK [1][-]{Rfn.dim.1}{dim}{chapter.1}% 94
\BOOKMARK [1][-]{Rfn.dimnames.1}{dimnames}{chapter.1}% 95
\BOOKMARK [1][-]{Rfn.do.call.1}{do.call}{chapter.1}% 96
\BOOKMARK [1][-]{Rfn.double.1}{double}{chapter.1}% 97
\BOOKMARK [1][-]{Rfn.dput.1}{dput}{chapter.1}% 98
\BOOKMARK [1][-]{Rfn.drop.1}{drop}{chapter.1}% 99
\BOOKMARK [1][-]{Rfn.droplevels.1}{droplevels}{chapter.1}% 100
\BOOKMARK [1][-]{Rfn.dump.1}{dump}{chapter.1}% 101
\BOOKMARK [1][-]{Rfn.duplicated.1}{duplicated}{chapter.1}% 102
\BOOKMARK [1][-]{Rfn.dyn.load.1}{dyn.load}{chapter.1}% 103
\BOOKMARK [1][-]{Rfn.eapply.1}{eapply}{chapter.1}% 104
\BOOKMARK [1][-]{Rfn.eigen.1}{eigen}{chapter.1}% 105
\BOOKMARK [1][-]{Rfn.encodeString.1}{encodeString}{chapter.1}% 106
\BOOKMARK [1][-]{Rfn.Encoding.1}{Encoding}{chapter.1}% 107
\BOOKMARK [1][-]{Rfn.environment.1}{environment}{chapter.1}% 108
\BOOKMARK [1][-]{Rfn.EnvVar.1}{EnvVar}{chapter.1}% 109
\BOOKMARK [1][-]{Rfn.eval.1}{eval}{chapter.1}% 110
\BOOKMARK [1][-]{Rfn.exists.1}{exists}{chapter.1}% 111
\BOOKMARK [1][-]{Rfn.expand.grid.1}{expand.grid}{chapter.1}% 112
\BOOKMARK [1][-]{Rfn.expression.1}{expression}{chapter.1}% 113
\BOOKMARK [1][-]{Rfn.Extract.1}{Extract}{chapter.1}% 114
\BOOKMARK [1][-]{Rfn.Extract.data.frame.1}{Extract.data.frame}{chapter.1}% 115
\BOOKMARK [1][-]{Rfn.Extract.factor.1}{Extract.factor}{chapter.1}% 116
\BOOKMARK [1][-]{Rfn.Extremes.1}{Extremes}{chapter.1}% 117
\BOOKMARK [1][-]{Rfn.factor.1}{factor}{chapter.1}% 118
\BOOKMARK [1][-]{Rfn.file.access.1}{file.access}{chapter.1}% 119
\BOOKMARK [1][-]{Rfn.file.choose.1}{file.choose}{chapter.1}% 120
\BOOKMARK [1][-]{Rfn.file.info.1}{file.info}{chapter.1}% 121
\BOOKMARK [1][-]{Rfn.file.path.1}{file.path}{chapter.1}% 122
\BOOKMARK [1][-]{Rfn.file.show.1}{file.show}{chapter.1}% 123
\BOOKMARK [1][-]{Rfn.files.1}{files}{chapter.1}% 124
\BOOKMARK [1][-]{Rfn.files2.1}{files2}{chapter.1}% 125
\BOOKMARK [1][-]{Rfn.find.package.1}{find.package}{chapter.1}% 126
\BOOKMARK [1][-]{Rfn.findInterval.1}{findInterval}{chapter.1}% 127
\BOOKMARK [1][-]{Rfn.force.1}{force}{chapter.1}% 128
\BOOKMARK [1][-]{Rfn.Foreign.1}{Foreign}{chapter.1}% 129
\BOOKMARK [1][-]{Rfn.formals.1}{formals}{chapter.1}% 130
\BOOKMARK [1][-]{Rfn.format.1}{format}{chapter.1}% 131
\BOOKMARK [1][-]{Rfn.format.info.1}{format.info}{chapter.1}% 132
\BOOKMARK [1][-]{Rfn.format.pval.1}{format.pval}{chapter.1}% 133
\BOOKMARK [1][-]{Rfn.formatC.1}{formatC}{chapter.1}% 134
\BOOKMARK [1][-]{Rfn.formatDL.1}{formatDL}{chapter.1}% 135
\BOOKMARK [1][-]{Rfn.function.1}{function}{chapter.1}% 136
\BOOKMARK [1][-]{Rfn.funprog.1}{funprog}{chapter.1}% 137
\BOOKMARK [1][-]{Rfn.gc.1}{gc}{chapter.1}% 138
\BOOKMARK [1][-]{Rfn.gc.time.1}{gc.time}{chapter.1}% 139
\BOOKMARK [1][-]{Rfn.gctorture.1}{gctorture}{chapter.1}% 140
\BOOKMARK [1][-]{Rfn.get.1}{get}{chapter.1}% 141
\BOOKMARK [1][-]{Rfn.getDLLRegisteredRoutines.1}{getDLLRegisteredRoutines}{chapter.1}% 142
\BOOKMARK [1][-]{Rfn.getLoadedDLLs.1}{getLoadedDLLs}{chapter.1}% 143
\BOOKMARK [1][-]{Rfn.getNativeSymbolInfo.1}{getNativeSymbolInfo}{chapter.1}% 144
\BOOKMARK [1][-]{Rfn.gettext.1}{gettext}{chapter.1}% 145
\BOOKMARK [1][-]{Rfn.getwd.1}{getwd}{chapter.1}% 146
\BOOKMARK [1][-]{Rfn.gl.1}{gl}{chapter.1}% 147
\BOOKMARK [1][-]{Rfn.grep.1}{grep}{chapter.1}% 148
\BOOKMARK [1][-]{Rfn.grepRaw.1}{grepRaw}{chapter.1}% 149
\BOOKMARK [1][-]{Rfn.groupGeneric.1}{groupGeneric}{chapter.1}% 150
\BOOKMARK [1][-]{Rfn.gzcon.1}{gzcon}{chapter.1}% 151
\BOOKMARK [1][-]{Rfn.hexmode.1}{hexmode}{chapter.1}% 152
\BOOKMARK [1][-]{Rfn.Hyperbolic.1}{Hyperbolic}{chapter.1}% 153
\BOOKMARK [1][-]{Rfn.iconv.1}{iconv}{chapter.1}% 154
\BOOKMARK [1][-]{Rfn.icuSetCollate.1}{icuSetCollate}{chapter.1}% 155
\BOOKMARK [1][-]{Rfn.identical.1}{identical}{chapter.1}% 156
\BOOKMARK [1][-]{Rfn.identity.1}{identity}{chapter.1}% 157
\BOOKMARK [1][-]{Rfn.ifelse.1}{ifelse}{chapter.1}% 158
\BOOKMARK [1][-]{Rfn.integer.1}{integer}{chapter.1}% 159
\BOOKMARK [1][-]{Rfn.interaction.1}{interaction}{chapter.1}% 160
\BOOKMARK [1][-]{Rfn.interactive.1}{interactive}{chapter.1}% 161
\BOOKMARK [1][-]{Rfn.Internal.1}{Internal}{chapter.1}% 162
\BOOKMARK [1][-]{Rfn.InternalMethods.1}{InternalMethods}{chapter.1}% 163
\BOOKMARK [1][-]{Rfn.invisible.1}{invisible}{chapter.1}% 164
\BOOKMARK [1][-]{Rfn.is.finite.1}{is.finite}{chapter.1}% 165
\BOOKMARK [1][-]{Rfn.is.function.1}{is.function}{chapter.1}% 166
\BOOKMARK [1][-]{Rfn.is.language.1}{is.language}{chapter.1}% 167
\BOOKMARK [1][-]{Rfn.is.object.1}{is.object}{chapter.1}% 168
\BOOKMARK [1][-]{Rfn.is.R.1}{is.R}{chapter.1}% 169
\BOOKMARK [1][-]{Rfn.is.recursive.1}{is.recursive}{chapter.1}% 170
\BOOKMARK [1][-]{Rfn.is.single.1}{is.single}{chapter.1}% 171
\BOOKMARK [1][-]{Rfn.is.unsorted.1}{is.unsorted}{chapter.1}% 172
\BOOKMARK [1][-]{Rfn.ISOdatetime.1}{ISOdatetime}{chapter.1}% 173
\BOOKMARK [1][-]{Rfn.isS4.1}{isS4}{chapter.1}% 174
\BOOKMARK [1][-]{Rfn.isSymmetric.1}{isSymmetric}{chapter.1}% 175
\BOOKMARK [1][-]{Rfn.jitter.1}{jitter}{chapter.1}% 176
\BOOKMARK [1][-]{Rfn.kappa.1}{kappa}{chapter.1}% 177
\BOOKMARK [1][-]{Rfn.kronecker.1}{kronecker}{chapter.1}% 178
\BOOKMARK [1][-]{Rfn.l10n.Rul.info.1}{l10n\137info}{chapter.1}% 179
\BOOKMARK [1][-]{Rfn.labels.1}{labels}{chapter.1}% 180
\BOOKMARK [1][-]{Rfn.lapply.1}{lapply}{chapter.1}% 181
\BOOKMARK [1][-]{Rfn.Last.value.1}{Last.value}{chapter.1}% 182
\BOOKMARK [1][-]{Rfn.length.1}{length}{chapter.1}% 183
\BOOKMARK [1][-]{Rfn.levels.1}{levels}{chapter.1}% 184
\BOOKMARK [1][-]{Rfn.libPaths.1}{libPaths}{chapter.1}% 185
\BOOKMARK [1][-]{Rfn.library.1}{library}{chapter.1}% 186
\BOOKMARK [1][-]{Rfn.library.dynam.1}{library.dynam}{chapter.1}% 187
\BOOKMARK [1][-]{Rfn.license.1}{license}{chapter.1}% 188
\BOOKMARK [1][-]{Rfn.list.1}{list}{chapter.1}% 189
\BOOKMARK [1][-]{Rfn.list.files.1}{list.files}{chapter.1}% 190
\BOOKMARK [1][-]{Rfn.list2env.1}{list2env}{chapter.1}% 191
\BOOKMARK [1][-]{Rfn.load.1}{load}{chapter.1}% 192
\BOOKMARK [1][-]{Rfn.locales.1}{locales}{chapter.1}% 193
\BOOKMARK [1][-]{Rfn.log.1}{log}{chapter.1}% 194
\BOOKMARK [1][-]{Rfn.Logic.1}{Logic}{chapter.1}% 195
\BOOKMARK [1][-]{Rfn.logical.1}{logical}{chapter.1}% 196
\BOOKMARK [1][-]{Rfn.lower.tri.1}{lower.tri}{chapter.1}% 197
\BOOKMARK [1][-]{Rfn.ls.1}{ls}{chapter.1}% 198
\BOOKMARK [1][-]{Rfn.make.names.1}{make.names}{chapter.1}% 199
\BOOKMARK [1][-]{Rfn.make.unique.1}{make.unique}{chapter.1}% 200
\BOOKMARK [1][-]{Rfn.mapply.1}{mapply}{chapter.1}% 201
\BOOKMARK [1][-]{Rfn.margin.table.1}{margin.table}{chapter.1}% 202
\BOOKMARK [1][-]{Rfn.mat.or.vec.1}{mat.or.vec}{chapter.1}% 203
\BOOKMARK [1][-]{Rfn.match.1}{match}{chapter.1}% 204
\BOOKMARK [1][-]{Rfn.match.arg.1}{match.arg}{chapter.1}% 205
\BOOKMARK [1][-]{Rfn.match.call.1}{match.call}{chapter.1}% 206
\BOOKMARK [1][-]{Rfn.match.fun.1}{match.fun}{chapter.1}% 207
\BOOKMARK [1][-]{Rfn.MathFun.1}{MathFun}{chapter.1}% 208
\BOOKMARK [1][-]{Rfn.matmult.1}{matmult}{chapter.1}% 209
\BOOKMARK [1][-]{Rfn.matrix.1}{matrix}{chapter.1}% 210
\BOOKMARK [1][-]{Rfn.maxCol.1}{maxCol}{chapter.1}% 211
\BOOKMARK [1][-]{Rfn.mean.1}{mean}{chapter.1}% 212
\BOOKMARK [1][-]{Rfn.memCompress.1}{memCompress}{chapter.1}% 213
\BOOKMARK [1][-]{Rfn.Memory.1}{Memory}{chapter.1}% 214
\BOOKMARK [1][-]{Rfn.Memory.Rdash.limits.1}{Memory-limits}{chapter.1}% 215
\BOOKMARK [1][-]{Rfn.memory.profile.1}{memory.profile}{chapter.1}% 216
\BOOKMARK [1][-]{Rfn.merge.1}{merge}{chapter.1}% 217
\BOOKMARK [1][-]{Rfn.message.1}{message}{chapter.1}% 218
\BOOKMARK [1][-]{Rfn.missing.1}{missing}{chapter.1}% 219
\BOOKMARK [1][-]{Rfn.mode.1}{mode}{chapter.1}% 220
\BOOKMARK [1][-]{Rfn.NA.1}{NA}{chapter.1}% 221
\BOOKMARK [1][-]{Rfn.name.1}{name}{chapter.1}% 222
\BOOKMARK [1][-]{Rfn.names.1}{names}{chapter.1}% 223
\BOOKMARK [1][-]{Rfn.nargs.1}{nargs}{chapter.1}% 224
\BOOKMARK [1][-]{Rfn.nchar.1}{nchar}{chapter.1}% 225
\BOOKMARK [1][-]{Rfn.nlevels.1}{nlevels}{chapter.1}% 226
\BOOKMARK [1][-]{Rfn.noquote.1}{noquote}{chapter.1}% 227
\BOOKMARK [1][-]{Rfn.norm.1}{norm}{chapter.1}% 228
\BOOKMARK [1][-]{Rfn.normalizePath.1}{normalizePath}{chapter.1}% 229
\BOOKMARK [1][-]{Rfn.NotYet.1}{NotYet}{chapter.1}% 230
\BOOKMARK [1][-]{Rfn.nrow.1}{nrow}{chapter.1}% 231
\BOOKMARK [1][-]{Rfn.ns.Rdash.dblcolon.1}{ns-dblcolon}{chapter.1}% 232
\BOOKMARK [1][-]{Rfn.ns.Rdash.hooks.1}{ns-hooks}{chapter.1}% 233
\BOOKMARK [1][-]{Rfn.ns.Rdash.load.1}{ns-load}{chapter.1}% 234
\BOOKMARK [1][-]{Rfn.ns.Rdash.topenv.1}{ns-topenv}{chapter.1}% 235
\BOOKMARK [1][-]{Rfn.NULL.1}{NULL}{chapter.1}% 236
\BOOKMARK [1][-]{Rfn.numeric.1}{numeric}{chapter.1}% 237
\BOOKMARK [1][-]{Rfn.NumericConstants.1}{NumericConstants}{chapter.1}% 238
\BOOKMARK [1][-]{Rfn.numeric.Rul.version.1}{numeric\137version}{chapter.1}% 239
\BOOKMARK [1][-]{Rfn.octmode.1}{octmode}{chapter.1}% 240
\BOOKMARK [1][-]{Rfn.on.exit.1}{on.exit}{chapter.1}% 241
\BOOKMARK [1][-]{Rfn.Ops.Date.1}{Ops.Date}{chapter.1}% 242
\BOOKMARK [1][-]{Rfn.options.1}{options}{chapter.1}% 243
\BOOKMARK [1][-]{Rfn.order.1}{order}{chapter.1}% 244
\BOOKMARK [1][-]{Rfn.outer.1}{outer}{chapter.1}% 245
\BOOKMARK [1][-]{Rfn.Paren.1}{Paren}{chapter.1}% 246
\BOOKMARK [1][-]{Rfn.parse.1}{parse}{chapter.1}% 247
\BOOKMARK [1][-]{Rfn.paste.1}{paste}{chapter.1}% 248
\BOOKMARK [1][-]{Rfn.path.expand.1}{path.expand}{chapter.1}% 249
\BOOKMARK [1][-]{Rfn.pmatch.1}{pmatch}{chapter.1}% 250
\BOOKMARK [1][-]{Rfn.polyroot.1}{polyroot}{chapter.1}% 251
\BOOKMARK [1][-]{Rfn.pos.to.env.1}{pos.to.env}{chapter.1}% 252
\BOOKMARK [1][-]{Rfn.pretty.1}{pretty}{chapter.1}% 253
\BOOKMARK [1][-]{Rfn.Primitive.1}{Primitive}{chapter.1}% 254
\BOOKMARK [1][-]{Rfn.print.1}{print}{chapter.1}% 255
\BOOKMARK [1][-]{Rfn.print.data.frame.1}{print.data.frame}{chapter.1}% 256
\BOOKMARK [1][-]{Rfn.print.default.1}{print.default}{chapter.1}% 257
\BOOKMARK [1][-]{Rfn.prmatrix.1}{prmatrix}{chapter.1}% 258
\BOOKMARK [1][-]{Rfn.proc.time.1}{proc.time}{chapter.1}% 259
\BOOKMARK [1][-]{Rfn.prod.1}{prod}{chapter.1}% 260
\BOOKMARK [1][-]{Rfn.prop.table.1}{prop.table}{chapter.1}% 261
\BOOKMARK [1][-]{Rfn.pushBack.1}{pushBack}{chapter.1}% 262
\BOOKMARK [1][-]{Rfn.qr.1}{qr}{chapter.1}% 263
\BOOKMARK [1][-]{Rfn.QR.Auxiliaries.1}{QR.Auxiliaries}{chapter.1}% 264
\BOOKMARK [1][-]{Rfn.quit.1}{quit}{chapter.1}% 265
\BOOKMARK [1][-]{Rfn.Quotes.1}{Quotes}{chapter.1}% 266
\BOOKMARK [1][-]{Rfn.R.Version.1}{R.Version}{chapter.1}% 267
\BOOKMARK [1][-]{Rfn.Random.1}{Random}{chapter.1}% 268
\BOOKMARK [1][-]{Rfn.Random.user.1}{Random.user}{chapter.1}% 269
\BOOKMARK [1][-]{Rfn.range.1}{range}{chapter.1}% 270
\BOOKMARK [1][-]{Rfn.rank.1}{rank}{chapter.1}% 271
\BOOKMARK [1][-]{Rfn.rapply.1}{rapply}{chapter.1}% 272
\BOOKMARK [1][-]{Rfn.raw.1}{raw}{chapter.1}% 273
\BOOKMARK [1][-]{Rfn.rawConnection.1}{rawConnection}{chapter.1}% 274
\BOOKMARK [1][-]{Rfn.rawConversion.1}{rawConversion}{chapter.1}% 275
\BOOKMARK [1][-]{Rfn.RdUtils.1}{RdUtils}{chapter.1}% 276
\BOOKMARK [1][-]{Rfn.readBin.1}{readBin}{chapter.1}% 277
\BOOKMARK [1][-]{Rfn.readChar.1}{readChar}{chapter.1}% 278
\BOOKMARK [1][-]{Rfn.readline.1}{readline}{chapter.1}% 279
\BOOKMARK [1][-]{Rfn.readLines.1}{readLines}{chapter.1}% 280
\BOOKMARK [1][-]{Rfn.readRDS.1}{readRDS}{chapter.1}% 281
\BOOKMARK [1][-]{Rfn.readRenviron.1}{readRenviron}{chapter.1}% 282
\BOOKMARK [1][-]{Rfn.real.1}{real}{chapter.1}% 283
\BOOKMARK [1][-]{Rfn.Recall.1}{Recall}{chapter.1}% 284
\BOOKMARK [1][-]{Rfn.reg.finalizer.1}{reg.finalizer}{chapter.1}% 285
\BOOKMARK [1][-]{Rfn.regex.1}{regex}{chapter.1}% 286
\BOOKMARK [1][-]{Rfn.regmatches.1}{regmatches}{chapter.1}% 287
\BOOKMARK [1][-]{Rfn.remove.1}{remove}{chapter.1}% 288
\BOOKMARK [1][-]{Rfn.rep.1}{rep}{chapter.1}% 289
\BOOKMARK [1][-]{Rfn.replace.1}{replace}{chapter.1}% 290
\BOOKMARK [1][-]{Rfn.Reserved.1}{Reserved}{chapter.1}% 291
\BOOKMARK [1][-]{Rfn.rev.1}{rev}{chapter.1}% 292
\BOOKMARK [1][-]{Rfn.Rhome.1}{Rhome}{chapter.1}% 293
\BOOKMARK [1][-]{Rfn.rle.1}{rle}{chapter.1}% 294
\BOOKMARK [1][-]{Rfn.Round.1}{Round}{chapter.1}% 295
\BOOKMARK [1][-]{Rfn.round.POSIXt.1}{round.POSIXt}{chapter.1}% 296
\BOOKMARK [1][-]{Rfn.row.1}{row}{chapter.1}% 297
\BOOKMARK [1][-]{Rfn.row+colnames.1}{row+colnames}{chapter.1}% 298
\BOOKMARK [1][-]{Rfn.row.names.1}{row.names}{chapter.1}% 299
\BOOKMARK [1][-]{Rfn.rowsum.1}{rowsum}{chapter.1}% 300
\BOOKMARK [1][-]{Rfn.sample.1}{sample}{chapter.1}% 301
\BOOKMARK [1][-]{Rfn.save.1}{save}{chapter.1}% 302
\BOOKMARK [1][-]{Rfn.scale.1}{scale}{chapter.1}% 303
\BOOKMARK [1][-]{Rfn.scan.1}{scan}{chapter.1}% 304
\BOOKMARK [1][-]{Rfn.search.1}{search}{chapter.1}% 305
\BOOKMARK [1][-]{Rfn.seek.1}{seek}{chapter.1}% 306
\BOOKMARK [1][-]{Rfn.seq.1}{seq}{chapter.1}% 307
\BOOKMARK [1][-]{Rfn.seq.Date.1}{seq.Date}{chapter.1}% 308
\BOOKMARK [1][-]{Rfn.seq.POSIXt.1}{seq.POSIXt}{chapter.1}% 309
\BOOKMARK [1][-]{Rfn.sequence.1}{sequence}{chapter.1}% 310
\BOOKMARK [1][-]{Rfn.serialize.1}{serialize}{chapter.1}% 311
\BOOKMARK [1][-]{Rfn.sets.1}{sets}{chapter.1}% 312
\BOOKMARK [1][-]{Rfn.setTimeLimit.1}{setTimeLimit}{chapter.1}% 313
\BOOKMARK [1][-]{Rfn.shell.1}{shell}{chapter.1}% 314
\BOOKMARK [1][-]{Rfn.shell.exec.1}{shell.exec}{chapter.1}% 315
\BOOKMARK [1][-]{Rfn.showConnections.1}{showConnections}{chapter.1}% 316
\BOOKMARK [1][-]{Rfn.shQuote.1}{shQuote}{chapter.1}% 317
\BOOKMARK [1][-]{Rfn.sign.1}{sign}{chapter.1}% 318
\BOOKMARK [1][-]{Rfn.sink.1}{sink}{chapter.1}% 319
\BOOKMARK [1][-]{Rfn.slice.index.1}{slice.index}{chapter.1}% 320
\BOOKMARK [1][-]{Rfn.slotOp.1}{slotOp}{chapter.1}% 321
\BOOKMARK [1][-]{Rfn.socketSelect.1}{socketSelect}{chapter.1}% 322
\BOOKMARK [1][-]{Rfn.solve.1}{solve}{chapter.1}% 323
\BOOKMARK [1][-]{Rfn.sort.1}{sort}{chapter.1}% 324
\BOOKMARK [1][-]{Rfn.source.1}{source}{chapter.1}% 325
\BOOKMARK [1][-]{Rfn.Special.1}{Special}{chapter.1}% 326
\BOOKMARK [1][-]{Rfn.split.1}{split}{chapter.1}% 327
\BOOKMARK [1][-]{Rfn.sprintf.1}{sprintf}{chapter.1}% 328
\BOOKMARK [1][-]{Rfn.sQuote.1}{sQuote}{chapter.1}% 329
\BOOKMARK [1][-]{Rfn.srcfile.1}{srcfile}{chapter.1}% 330
\BOOKMARK [1][-]{Rfn.Startup.1}{Startup}{chapter.1}% 331
\BOOKMARK [1][-]{Rfn.stop.1}{stop}{chapter.1}% 332
\BOOKMARK [1][-]{Rfn.stopifnot.1}{stopifnot}{chapter.1}% 333
\BOOKMARK [1][-]{Rfn.strptime.1}{strptime}{chapter.1}% 334
\BOOKMARK [1][-]{Rfn.strsplit.1}{strsplit}{chapter.1}% 335
\BOOKMARK [1][-]{Rfn.strtoi.1}{strtoi}{chapter.1}% 336
\BOOKMARK [1][-]{Rfn.strtrim.1}{strtrim}{chapter.1}% 337
\BOOKMARK [1][-]{Rfn.structure.1}{structure}{chapter.1}% 338
\BOOKMARK [1][-]{Rfn.strwrap.1}{strwrap}{chapter.1}% 339
\BOOKMARK [1][-]{Rfn.subset.1}{subset}{chapter.1}% 340
\BOOKMARK [1][-]{Rfn.substitute.1}{substitute}{chapter.1}% 341
\BOOKMARK [1][-]{Rfn.substr.1}{substr}{chapter.1}% 342
\BOOKMARK [1][-]{Rfn.sum.1}{sum}{chapter.1}% 343
\BOOKMARK [1][-]{Rfn.summary.1}{summary}{chapter.1}% 344
\BOOKMARK [1][-]{Rfn.svd.1}{svd}{chapter.1}% 345
\BOOKMARK [1][-]{Rfn.sweep.1}{sweep}{chapter.1}% 346
\BOOKMARK [1][-]{Rfn.switch.1}{switch}{chapter.1}% 347
\BOOKMARK [1][-]{Rfn.Syntax.1}{Syntax}{chapter.1}% 348
\BOOKMARK [1][-]{Rfn.Sys.getenv.1}{Sys.getenv}{chapter.1}% 349
\BOOKMARK [1][-]{Rfn.Sys.getpid.1}{Sys.getpid}{chapter.1}% 350
\BOOKMARK [1][-]{Rfn.Sys.glob.1}{Sys.glob}{chapter.1}% 351
\BOOKMARK [1][-]{Rfn.Sys.info.1}{Sys.info}{chapter.1}% 352
\BOOKMARK [1][-]{Rfn.Sys.localeconv.1}{Sys.localeconv}{chapter.1}% 353
\BOOKMARK [1][-]{Rfn.sys.parent.1}{sys.parent}{chapter.1}% 354
\BOOKMARK [1][-]{Rfn.Sys.readlink.1}{Sys.readlink}{chapter.1}% 355
\BOOKMARK [1][-]{Rfn.Sys.setenv.1}{Sys.setenv}{chapter.1}% 356
\BOOKMARK [1][-]{Rfn.Sys.setFileTime.1}{Sys.setFileTime}{chapter.1}% 357
\BOOKMARK [1][-]{Rfn.Sys.sleep.1}{Sys.sleep}{chapter.1}% 358
\BOOKMARK [1][-]{Rfn.sys.source.1}{sys.source}{chapter.1}% 359
\BOOKMARK [1][-]{Rfn.Sys.time.1}{Sys.time}{chapter.1}% 360
\BOOKMARK [1][-]{Rfn.Sys.which.1}{Sys.which}{chapter.1}% 361
\BOOKMARK [1][-]{Rfn.system.1}{system}{chapter.1}% 362
\BOOKMARK [1][-]{Rfn.system.file.1}{system.file}{chapter.1}% 363
\BOOKMARK [1][-]{Rfn.system.time.1}{system.time}{chapter.1}% 364
\BOOKMARK [1][-]{Rfn.system2.1}{system2}{chapter.1}% 365
\BOOKMARK [1][-]{Rfn.t.1}{t}{chapter.1}% 366
\BOOKMARK [1][-]{Rfn.table.1}{table}{chapter.1}% 367
\BOOKMARK [1][-]{Rfn.tabulate.1}{tabulate}{chapter.1}% 368
\BOOKMARK [1][-]{Rfn.tapply.1}{tapply}{chapter.1}% 369
\BOOKMARK [1][-]{Rfn.taskCallback.1}{taskCallback}{chapter.1}% 370
\BOOKMARK [1][-]{Rfn.taskCallbackManager.1}{taskCallbackManager}{chapter.1}% 371
\BOOKMARK [1][-]{Rfn.taskCallbackNames.1}{taskCallbackNames}{chapter.1}% 372
\BOOKMARK [1][-]{Rfn.tempfile.1}{tempfile}{chapter.1}% 373
\BOOKMARK [1][-]{Rfn.textConnection.1}{textConnection}{chapter.1}% 374
\BOOKMARK [1][-]{Rfn.tilde.1}{tilde}{chapter.1}% 375
\BOOKMARK [1][-]{Rfn.timezones.1}{timezones}{chapter.1}% 376
\BOOKMARK [1][-]{Rfn.toString.1}{toString}{chapter.1}% 377
\BOOKMARK [1][-]{Rfn.trace.1}{trace}{chapter.1}% 378
\BOOKMARK [1][-]{Rfn.traceback.1}{traceback}{chapter.1}% 379
\BOOKMARK [1][-]{Rfn.tracemem.1}{tracemem}{chapter.1}% 380
\BOOKMARK [1][-]{Rfn.transform.1}{transform}{chapter.1}% 381
\BOOKMARK [1][-]{Rfn.Trig.1}{Trig}{chapter.1}% 382
\BOOKMARK [1][-]{Rfn.try.1}{try}{chapter.1}% 383
\BOOKMARK [1][-]{Rfn.typeof.1}{typeof}{chapter.1}% 384
\BOOKMARK [1][-]{Rfn.unique.1}{unique}{chapter.1}% 385
\BOOKMARK [1][-]{Rfn.unlink.1}{unlink}{chapter.1}% 386
\BOOKMARK [1][-]{Rfn.unlist.1}{unlist}{chapter.1}% 387
\BOOKMARK [1][-]{Rfn.unname.1}{unname}{chapter.1}% 388
\BOOKMARK [1][-]{Rfn.UseMethod.1}{UseMethod}{chapter.1}% 389
\BOOKMARK [1][-]{Rfn.userhooks.1}{userhooks}{chapter.1}% 390
\BOOKMARK [1][-]{Rfn.utf8Conversion.1}{utf8Conversion}{chapter.1}% 391
\BOOKMARK [1][-]{Rfn.vector.1}{vector}{chapter.1}% 392
\BOOKMARK [1][-]{Rfn.Vectorize.1}{Vectorize}{chapter.1}% 393
\BOOKMARK [1][-]{Rfn.warning.1}{warning}{chapter.1}% 394
\BOOKMARK [1][-]{Rfn.warnings.1}{warnings}{chapter.1}% 395
\BOOKMARK [1][-]{Rfn.weekdays.1}{weekdays}{chapter.1}% 396
\BOOKMARK [1][-]{Rfn.which.1}{which}{chapter.1}% 397
\BOOKMARK [1][-]{Rfn.which.min.1}{which.min}{chapter.1}% 398
\BOOKMARK [1][-]{Rfn.with.1}{with}{chapter.1}% 399
\BOOKMARK [1][-]{Rfn.withVisible.1}{withVisible}{chapter.1}% 400
\BOOKMARK [1][-]{Rfn.write.1}{write}{chapter.1}% 401
\BOOKMARK [1][-]{Rfn.writeLines.1}{writeLines}{chapter.1}% 402
\BOOKMARK [1][-]{Rfn.xtfrm.1}{xtfrm}{chapter.1}% 403
\BOOKMARK [1][-]{Rfn.zapsmall.1}{zapsmall}{chapter.1}% 404
\BOOKMARK [1][-]{Rfn.zpackages.1}{zpackages}{chapter.1}% 405
\BOOKMARK [1][-]{Rfn.zutils.1}{zutils}{chapter.1}% 406
\BOOKMARK [0][-]{chapter.2}{The datasets package}{}% 407
\BOOKMARK [1][-]{Rfn.datasets.Rdash.package.1}{datasets-package}{chapter.2}% 408
\BOOKMARK [1][-]{Rfn.ability.cov.1}{ability.cov}{chapter.2}% 409
\BOOKMARK [1][-]{Rfn.airmiles.1}{airmiles}{chapter.2}% 410
\BOOKMARK [1][-]{Rfn.AirPassengers.1}{AirPassengers}{chapter.2}% 411
\BOOKMARK [1][-]{Rfn.airquality.1}{airquality}{chapter.2}% 412
\BOOKMARK [1][-]{Rfn.anscombe.1}{anscombe}{chapter.2}% 413
\BOOKMARK [1][-]{Rfn.attenu.1}{attenu}{chapter.2}% 414
\BOOKMARK [1][-]{Rfn.attitude.1}{attitude}{chapter.2}% 415
\BOOKMARK [1][-]{Rfn.austres.1}{austres}{chapter.2}% 416
\BOOKMARK [1][-]{Rfn.beavers.1}{beavers}{chapter.2}% 417
\BOOKMARK [1][-]{Rfn.BJsales.1}{BJsales}{chapter.2}% 418
\BOOKMARK [1][-]{Rfn.BOD.1}{BOD}{chapter.2}% 419
\BOOKMARK [1][-]{Rfn.cars.1}{cars}{chapter.2}% 420
\BOOKMARK [1][-]{Rfn.ChickWeight.1}{ChickWeight}{chapter.2}% 421
\BOOKMARK [1][-]{Rfn.chickwts.1}{chickwts}{chapter.2}% 422
\BOOKMARK [1][-]{Rfn.CO2.1}{CO2}{chapter.2}% 423
\BOOKMARK [1][-]{Rfn.co2.1}{co2}{chapter.2}% 424
\BOOKMARK [1][-]{Rfn.crimtab.1}{crimtab}{chapter.2}% 425
\BOOKMARK [1][-]{Rfn.discoveries.1}{discoveries}{chapter.2}% 426
\BOOKMARK [1][-]{Rfn.DNase.1}{DNase}{chapter.2}% 427
\BOOKMARK [1][-]{Rfn.esoph.1}{esoph}{chapter.2}% 428
\BOOKMARK [1][-]{Rfn.euro.1}{euro}{chapter.2}% 429
\BOOKMARK [1][-]{Rfn.eurodist.1}{eurodist}{chapter.2}% 430
\BOOKMARK [1][-]{Rfn.EuStockMarkets.1}{EuStockMarkets}{chapter.2}% 431
\BOOKMARK [1][-]{Rfn.faithful.1}{faithful}{chapter.2}% 432
\BOOKMARK [1][-]{Rfn.Formaldehyde.1}{Formaldehyde}{chapter.2}% 433
\BOOKMARK [1][-]{Rfn.freeny.1}{freeny}{chapter.2}% 434
\BOOKMARK [1][-]{Rfn.HairEyeColor.1}{HairEyeColor}{chapter.2}% 435
\BOOKMARK [1][-]{Rfn.Harman23.cor.1}{Harman23.cor}{chapter.2}% 436
\BOOKMARK [1][-]{Rfn.Harman74.cor.1}{Harman74.cor}{chapter.2}% 437
\BOOKMARK [1][-]{Rfn.Indometh.1}{Indometh}{chapter.2}% 438
\BOOKMARK [1][-]{Rfn.infert.1}{infert}{chapter.2}% 439
\BOOKMARK [1][-]{Rfn.InsectSprays.1}{InsectSprays}{chapter.2}% 440
\BOOKMARK [1][-]{Rfn.iris.1}{iris}{chapter.2}% 441
\BOOKMARK [1][-]{Rfn.islands.1}{islands}{chapter.2}% 442
\BOOKMARK [1][-]{Rfn.JohnsonJohnson.1}{JohnsonJohnson}{chapter.2}% 443
\BOOKMARK [1][-]{Rfn.LakeHuron.1}{LakeHuron}{chapter.2}% 444
\BOOKMARK [1][-]{Rfn.lh.1}{lh}{chapter.2}% 445
\BOOKMARK [1][-]{Rfn.LifeCycleSavings.1}{LifeCycleSavings}{chapter.2}% 446
\BOOKMARK [1][-]{Rfn.Loblolly.1}{Loblolly}{chapter.2}% 447
\BOOKMARK [1][-]{Rfn.longley.1}{longley}{chapter.2}% 448
\BOOKMARK [1][-]{Rfn.lynx.1}{lynx}{chapter.2}% 449
\BOOKMARK [1][-]{Rfn.morley.1}{morley}{chapter.2}% 450
\BOOKMARK [1][-]{Rfn.mtcars.1}{mtcars}{chapter.2}% 451
\BOOKMARK [1][-]{Rfn.nhtemp.1}{nhtemp}{chapter.2}% 452
\BOOKMARK [1][-]{Rfn.Nile.1}{Nile}{chapter.2}% 453
\BOOKMARK [1][-]{Rfn.nottem.1}{nottem}{chapter.2}% 454
\BOOKMARK [1][-]{Rfn.occupationalStatus.1}{occupationalStatus}{chapter.2}% 455
\BOOKMARK [1][-]{Rfn.Orange.1}{Orange}{chapter.2}% 456
\BOOKMARK [1][-]{Rfn.OrchardSprays.1}{OrchardSprays}{chapter.2}% 457
\BOOKMARK [1][-]{Rfn.PlantGrowth.1}{PlantGrowth}{chapter.2}% 458
\BOOKMARK [1][-]{Rfn.precip.1}{precip}{chapter.2}% 459
\BOOKMARK [1][-]{Rfn.presidents.1}{presidents}{chapter.2}% 460
\BOOKMARK [1][-]{Rfn.pressure.1}{pressure}{chapter.2}% 461
\BOOKMARK [1][-]{Rfn.Puromycin.1}{Puromycin}{chapter.2}% 462
\BOOKMARK [1][-]{Rfn.quakes.1}{quakes}{chapter.2}% 463
\BOOKMARK [1][-]{Rfn.randu.1}{randu}{chapter.2}% 464
\BOOKMARK [1][-]{Rfn.rivers.1}{rivers}{chapter.2}% 465
\BOOKMARK [1][-]{Rfn.rock.1}{rock}{chapter.2}% 466
\BOOKMARK [1][-]{Rfn.sleep.1}{sleep}{chapter.2}% 467
\BOOKMARK [1][-]{Rfn.stackloss.1}{stackloss}{chapter.2}% 468
\BOOKMARK [1][-]{Rfn.state.1}{state}{chapter.2}% 469
\BOOKMARK [1][-]{Rfn.sunspot.month.1}{sunspot.month}{chapter.2}% 470
\BOOKMARK [1][-]{Rfn.sunspot.year.1}{sunspot.year}{chapter.2}% 471
\BOOKMARK [1][-]{Rfn.sunspots.1}{sunspots}{chapter.2}% 472
\BOOKMARK [1][-]{Rfn.swiss.1}{swiss}{chapter.2}% 473
\BOOKMARK [1][-]{Rfn.Theoph.1}{Theoph}{chapter.2}% 474
\BOOKMARK [1][-]{Rfn.Titanic.1}{Titanic}{chapter.2}% 475
\BOOKMARK [1][-]{Rfn.ToothGrowth.1}{ToothGrowth}{chapter.2}% 476
\BOOKMARK [1][-]{Rfn.treering.1}{treering}{chapter.2}% 477
\BOOKMARK [1][-]{Rfn.trees.1}{trees}{chapter.2}% 478
\BOOKMARK [1][-]{Rfn.UCBAdmissions.1}{UCBAdmissions}{chapter.2}% 479
\BOOKMARK [1][-]{Rfn.UKDriverDeaths.1}{UKDriverDeaths}{chapter.2}% 480
\BOOKMARK [1][-]{Rfn.UKgas.1}{UKgas}{chapter.2}% 481
\BOOKMARK [1][-]{Rfn.UKLungDeaths.1}{UKLungDeaths}{chapter.2}% 482
\BOOKMARK [1][-]{Rfn.USAccDeaths.1}{USAccDeaths}{chapter.2}% 483
\BOOKMARK [1][-]{Rfn.USArrests.1}{USArrests}{chapter.2}% 484
\BOOKMARK [1][-]{Rfn.USJudgeRatings.1}{USJudgeRatings}{chapter.2}% 485
\BOOKMARK [1][-]{Rfn.USPersonalExpenditure.1}{USPersonalExpenditure}{chapter.2}% 486
\BOOKMARK [1][-]{Rfn.uspop.1}{uspop}{chapter.2}% 487
\BOOKMARK [1][-]{Rfn.VADeaths.1}{VADeaths}{chapter.2}% 488
\BOOKMARK [1][-]{Rfn.volcano.1}{volcano}{chapter.2}% 489
\BOOKMARK [1][-]{Rfn.warpbreaks.1}{warpbreaks}{chapter.2}% 490
\BOOKMARK [1][-]{Rfn.women.1}{women}{chapter.2}% 491
\BOOKMARK [1][-]{Rfn.WorldPhones.1}{WorldPhones}{chapter.2}% 492
\BOOKMARK [1][-]{Rfn.WWWusage.1}{WWWusage}{chapter.2}% 493
\BOOKMARK [0][-]{chapter.3}{The grDevices package}{}% 494
\BOOKMARK [1][-]{Rfn.grDevices.Rdash.package.1}{grDevices-package}{chapter.3}% 495
\BOOKMARK [1][-]{Rfn.adjustcolor.1}{adjustcolor}{chapter.3}% 496
\BOOKMARK [1][-]{Rfn.as.graphicsAnnot.1}{as.graphicsAnnot}{chapter.3}% 497
\BOOKMARK [1][-]{Rfn.as.raster.1}{as.raster}{chapter.3}% 498
\BOOKMARK [1][-]{Rfn.axisTicks.1}{axisTicks}{chapter.3}% 499
\BOOKMARK [1][-]{Rfn.boxplot.stats.1}{boxplot.stats}{chapter.3}% 500
\BOOKMARK [1][-]{Rfn.bringToTop.1}{bringToTop}{chapter.3}% 501
\BOOKMARK [1][-]{Rfn.cairo.1}{cairo}{chapter.3}% 502
\BOOKMARK [1][-]{Rfn.check.options.1}{check.options}{chapter.3}% 503
\BOOKMARK [1][-]{Rfn.chull.1}{chull}{chapter.3}% 504
\BOOKMARK [1][-]{Rfn.cm.1}{cm}{chapter.3}% 505
\BOOKMARK [1][-]{Rfn.col2rgb.1}{col2rgb}{chapter.3}% 506
\BOOKMARK [1][-]{Rfn.colorRamp.1}{colorRamp}{chapter.3}% 507
\BOOKMARK [1][-]{Rfn.colors.1}{colors}{chapter.3}% 508
\BOOKMARK [1][-]{Rfn.contourLines.1}{contourLines}{chapter.3}% 509
\BOOKMARK [1][-]{Rfn.convertColor.1}{convertColor}{chapter.3}% 510
\BOOKMARK [1][-]{Rfn.densCols.1}{densCols}{chapter.3}% 511
\BOOKMARK [1][-]{Rfn.dev.1}{dev}{chapter.3}% 512
\BOOKMARK [1][-]{Rfn.dev.capabilities.1}{dev.capabilities}{chapter.3}% 513
\BOOKMARK [1][-]{Rfn.dev.capture.1}{dev.capture}{chapter.3}% 514
\BOOKMARK [1][-]{Rfn.dev.flush.1}{dev.flush}{chapter.3}% 515
\BOOKMARK [1][-]{Rfn.dev.interactive.1}{dev.interactive}{chapter.3}% 516
\BOOKMARK [1][-]{Rfn.dev.size.1}{dev.size}{chapter.3}% 517
\BOOKMARK [1][-]{Rfn.dev2.1}{dev2}{chapter.3}% 518
\BOOKMARK [1][-]{Rfn.dev2bitmap.1}{dev2bitmap}{chapter.3}% 519
\BOOKMARK [1][-]{Rfn.devAskNewPage.1}{devAskNewPage}{chapter.3}% 520
\BOOKMARK [1][-]{Rfn.Devices.1}{Devices}{chapter.3}% 521
\BOOKMARK [1][-]{Rfn.embedFonts.1}{embedFonts}{chapter.3}% 522
\BOOKMARK [1][-]{Rfn.extendrange.1}{extendrange}{chapter.3}% 523
\BOOKMARK [1][-]{Rfn.getGraphicsEvent.1}{getGraphicsEvent}{chapter.3}% 524
\BOOKMARK [1][-]{Rfn.gray.1}{gray}{chapter.3}% 525
\BOOKMARK [1][-]{Rfn.gray.colors.1}{gray.colors}{chapter.3}% 526
\BOOKMARK [1][-]{Rfn.hcl.1}{hcl}{chapter.3}% 527
\BOOKMARK [1][-]{Rfn.Hershey.1}{Hershey}{chapter.3}% 528
\BOOKMARK [1][-]{Rfn.hsv.1}{hsv}{chapter.3}% 529
\BOOKMARK [1][-]{Rfn.Japanese.1}{Japanese}{chapter.3}% 530
\BOOKMARK [1][-]{Rfn.make.rgb.1}{make.rgb}{chapter.3}% 531
\BOOKMARK [1][-]{Rfn.msgWindow.1}{msgWindow}{chapter.3}% 532
\BOOKMARK [1][-]{Rfn.n2mfrow.1}{n2mfrow}{chapter.3}% 533
\BOOKMARK [1][-]{Rfn.nclass.1}{nclass}{chapter.3}% 534
\BOOKMARK [1][-]{Rfn.palette.1}{palette}{chapter.3}% 535
\BOOKMARK [1][-]{Rfn.Palettes.1}{Palettes}{chapter.3}% 536
\BOOKMARK [1][-]{Rfn.pdf.1}{pdf}{chapter.3}% 537
\BOOKMARK [1][-]{Rfn.pdf.options.1}{pdf.options}{chapter.3}% 538
\BOOKMARK [1][-]{Rfn.pictex.1}{pictex}{chapter.3}% 539
\BOOKMARK [1][-]{Rfn.plotmath.1}{plotmath}{chapter.3}% 540
\BOOKMARK [1][-]{Rfn.png.1}{png}{chapter.3}% 541
\BOOKMARK [1][-]{Rfn.postscript.1}{postscript}{chapter.3}% 542
\BOOKMARK [1][-]{Rfn.postscriptFonts.1}{postscriptFonts}{chapter.3}% 543
\BOOKMARK [1][-]{Rfn.pretty.Date.1}{pretty.Date}{chapter.3}% 544
\BOOKMARK [1][-]{Rfn.ps.options.1}{ps.options}{chapter.3}% 545
\BOOKMARK [1][-]{Rfn.recordGraphics.1}{recordGraphics}{chapter.3}% 546
\BOOKMARK [1][-]{Rfn.recordPlot.1}{recordPlot}{chapter.3}% 547
\BOOKMARK [1][-]{Rfn.rgb.1}{rgb}{chapter.3}% 548
\BOOKMARK [1][-]{Rfn.rgb2hsv.1}{rgb2hsv}{chapter.3}% 549
\BOOKMARK [1][-]{Rfn.savePlot.1}{savePlot}{chapter.3}% 550
\BOOKMARK [1][-]{Rfn.trans3d.1}{trans3d}{chapter.3}% 551
\BOOKMARK [1][-]{Rfn.Type1Font.1}{Type1Font}{chapter.3}% 552
\BOOKMARK [1][-]{Rfn.windows.1}{windows}{chapter.3}% 553
\BOOKMARK [1][-]{Rfn.windows.options.1}{windows.options}{chapter.3}% 554
\BOOKMARK [1][-]{Rfn.windowsFonts.1}{windowsFonts}{chapter.3}% 555
\BOOKMARK [1][-]{Rfn.xfig.1}{xfig}{chapter.3}% 556
\BOOKMARK [1][-]{Rfn.xy.coords.1}{xy.coords}{chapter.3}% 557
\BOOKMARK [1][-]{Rfn.xyTable.1}{xyTable}{chapter.3}% 558
\BOOKMARK [1][-]{Rfn.xyz.coords.1}{xyz.coords}{chapter.3}% 559
\BOOKMARK [0][-]{chapter.4}{The graphics package}{}% 560
\BOOKMARK [1][-]{Rfn.graphics.Rdash.package.1}{graphics-package}{chapter.4}% 561
\BOOKMARK [1][-]{Rfn.abline.1}{abline}{chapter.4}% 562
\BOOKMARK [1][-]{Rfn.arrows.1}{arrows}{chapter.4}% 563
\BOOKMARK [1][-]{Rfn.assocplot.1}{assocplot}{chapter.4}% 564
\BOOKMARK [1][-]{Rfn.Axis.1}{Axis}{chapter.4}% 565
\BOOKMARK [1][-]{Rfn.axis.1}{axis}{chapter.4}% 566
\BOOKMARK [1][-]{Rfn.axis.POSIXct.1}{axis.POSIXct}{chapter.4}% 567
\BOOKMARK [1][-]{Rfn.axTicks.1}{axTicks}{chapter.4}% 568
\BOOKMARK [1][-]{Rfn.barplot.1}{barplot}{chapter.4}% 569
\BOOKMARK [1][-]{Rfn.box.1}{box}{chapter.4}% 570
\BOOKMARK [1][-]{Rfn.boxplot.1}{boxplot}{chapter.4}% 571
\BOOKMARK [1][-]{Rfn.boxplot.matrix.1}{boxplot.matrix}{chapter.4}% 572
\BOOKMARK [1][-]{Rfn.bxp.1}{bxp}{chapter.4}% 573
\BOOKMARK [1][-]{Rfn.cdplot.1}{cdplot}{chapter.4}% 574
\BOOKMARK [1][-]{Rfn.clip.1}{clip}{chapter.4}% 575
\BOOKMARK [1][-]{Rfn.contour.1}{contour}{chapter.4}% 576
\BOOKMARK [1][-]{Rfn.convertXY.1}{convertXY}{chapter.4}% 577
\BOOKMARK [1][-]{Rfn.coplot.1}{coplot}{chapter.4}% 578
\BOOKMARK [1][-]{Rfn.curve.1}{curve}{chapter.4}% 579
\BOOKMARK [1][-]{Rfn.dotchart.1}{dotchart}{chapter.4}% 580
\BOOKMARK [1][-]{Rfn.filled.contour.1}{filled.contour}{chapter.4}% 581
\BOOKMARK [1][-]{Rfn.fourfoldplot.1}{fourfoldplot}{chapter.4}% 582
\BOOKMARK [1][-]{Rfn.frame.1}{frame}{chapter.4}% 583
\BOOKMARK [1][-]{Rfn.grid.1}{grid}{chapter.4}% 584
\BOOKMARK [1][-]{Rfn.hist.1}{hist}{chapter.4}% 585
\BOOKMARK [1][-]{Rfn.hist.POSIXt.1}{hist.POSIXt}{chapter.4}% 586
\BOOKMARK [1][-]{Rfn.identify.1}{identify}{chapter.4}% 587
\BOOKMARK [1][-]{Rfn.image.1}{image}{chapter.4}% 588
\BOOKMARK [1][-]{Rfn.layout.1}{layout}{chapter.4}% 589
\BOOKMARK [1][-]{Rfn.legend.1}{legend}{chapter.4}% 590
\BOOKMARK [1][-]{Rfn.lines.1}{lines}{chapter.4}% 591
\BOOKMARK [1][-]{Rfn.locator.1}{locator}{chapter.4}% 592
\BOOKMARK [1][-]{Rfn.matplot.1}{matplot}{chapter.4}% 593
\BOOKMARK [1][-]{Rfn.mosaicplot.1}{mosaicplot}{chapter.4}% 594
\BOOKMARK [1][-]{Rfn.mtext.1}{mtext}{chapter.4}% 595
\BOOKMARK [1][-]{Rfn.pairs.1}{pairs}{chapter.4}% 596
\BOOKMARK [1][-]{Rfn.panel.smooth.1}{panel.smooth}{chapter.4}% 597
\BOOKMARK [1][-]{Rfn.par.1}{par}{chapter.4}% 598
\BOOKMARK [1][-]{Rfn.persp.1}{persp}{chapter.4}% 599
\BOOKMARK [1][-]{Rfn.pie.1}{pie}{chapter.4}% 600
\BOOKMARK [1][-]{Rfn.plot.1}{plot}{chapter.4}% 601
\BOOKMARK [1][-]{Rfn.plot.data.frame.1}{plot.data.frame}{chapter.4}% 602
\BOOKMARK [1][-]{Rfn.plot.default.1}{plot.default}{chapter.4}% 603
\BOOKMARK [1][-]{Rfn.plot.design.1}{plot.design}{chapter.4}% 604
\BOOKMARK [1][-]{Rfn.plot.factor.1}{plot.factor}{chapter.4}% 605
\BOOKMARK [1][-]{Rfn.plot.formula.1}{plot.formula}{chapter.4}% 606
\BOOKMARK [1][-]{Rfn.plot.histogram.1}{plot.histogram}{chapter.4}% 607
\BOOKMARK [1][-]{Rfn.plot.table.1}{plot.table}{chapter.4}% 608
\BOOKMARK [1][-]{Rfn.plot.window.1}{plot.window}{chapter.4}% 609
\BOOKMARK [1][-]{Rfn.plot.xy.1}{plot.xy}{chapter.4}% 610
\BOOKMARK [1][-]{Rfn.points.1}{points}{chapter.4}% 611
\BOOKMARK [1][-]{Rfn.polygon.1}{polygon}{chapter.4}% 612
\BOOKMARK [1][-]{Rfn.polypath.1}{polypath}{chapter.4}% 613
\BOOKMARK [1][-]{Rfn.rasterImage.1}{rasterImage}{chapter.4}% 614
\BOOKMARK [1][-]{Rfn.rect.1}{rect}{chapter.4}% 615
\BOOKMARK [1][-]{Rfn.rug.1}{rug}{chapter.4}% 616
\BOOKMARK [1][-]{Rfn.screen.1}{screen}{chapter.4}% 617
\BOOKMARK [1][-]{Rfn.segments.1}{segments}{chapter.4}% 618
\BOOKMARK [1][-]{Rfn.smoothScatter.1}{smoothScatter}{chapter.4}% 619
\BOOKMARK [1][-]{Rfn.spineplot.1}{spineplot}{chapter.4}% 620
\BOOKMARK [1][-]{Rfn.stars.1}{stars}{chapter.4}% 621
\BOOKMARK [1][-]{Rfn.stem.1}{stem}{chapter.4}% 622
\BOOKMARK [1][-]{Rfn.stripchart.1}{stripchart}{chapter.4}% 623
\BOOKMARK [1][-]{Rfn.strwidth.1}{strwidth}{chapter.4}% 624
\BOOKMARK [1][-]{Rfn.sunflowerplot.1}{sunflowerplot}{chapter.4}% 625
\BOOKMARK [1][-]{Rfn.symbols.1}{symbols}{chapter.4}% 626
\BOOKMARK [1][-]{Rfn.text.1}{text}{chapter.4}% 627
\BOOKMARK [1][-]{Rfn.title.1}{title}{chapter.4}% 628
\BOOKMARK [1][-]{Rfn.units.1}{units}{chapter.4}% 629
\BOOKMARK [1][-]{Rfn.xspline.1}{xspline}{chapter.4}% 630
\BOOKMARK [0][-]{chapter.5}{The grid package}{}% 631
\BOOKMARK [1][-]{Rfn.grid.Rdash.package.1}{grid-package}{chapter.5}% 632
\BOOKMARK [1][-]{Rfn.absolute.size.1}{absolute.size}{chapter.5}% 633
\BOOKMARK [1][-]{Rfn.arrow.1}{arrow}{chapter.5}% 634
\BOOKMARK [1][-]{Rfn.calcStringMetric.1}{calcStringMetric}{chapter.5}% 635
\BOOKMARK [1][-]{Rfn.convertNative.1}{convertNative}{chapter.5}% 636
\BOOKMARK [1][-]{Rfn.dataViewport.1}{dataViewport}{chapter.5}% 637
\BOOKMARK [1][-]{Rfn.drawDetails.1}{drawDetails}{chapter.5}% 638
\BOOKMARK [1][-]{Rfn.editDetails.1}{editDetails}{chapter.5}% 639
\BOOKMARK [1][-]{Rfn.gEdit.1}{gEdit}{chapter.5}% 640
\BOOKMARK [1][-]{Rfn.getNames.1}{getNames}{chapter.5}% 641
\BOOKMARK [1][-]{Rfn.gpar.1}{gpar}{chapter.5}% 642
\BOOKMARK [1][-]{Rfn.gPath.1}{gPath}{chapter.5}% 643
\BOOKMARK [1][-]{Rfn.Grid.1}{Grid}{chapter.5}% 644
\BOOKMARK [1][-]{Rfn.Grid Viewports.1}{Grid Viewports}{chapter.5}% 645
\BOOKMARK [1][-]{Rfn.grid.add.1}{grid.add}{chapter.5}% 646
\BOOKMARK [1][-]{Rfn.grid.arrows.1}{grid.arrows}{chapter.5}% 647
\BOOKMARK [1][-]{Rfn.grid.bezier.1}{grid.bezier}{chapter.5}% 648
\BOOKMARK [1][-]{Rfn.grid.cap.1}{grid.cap}{chapter.5}% 649
\BOOKMARK [1][-]{Rfn.grid.circle.1}{grid.circle}{chapter.5}% 650
\BOOKMARK [1][-]{Rfn.grid.clip.1}{grid.clip}{chapter.5}% 651
\BOOKMARK [1][-]{Rfn.grid.collection.1}{grid.collection}{chapter.5}% 652
\BOOKMARK [1][-]{Rfn.grid.convert.1}{grid.convert}{chapter.5}% 653
\BOOKMARK [1][-]{Rfn.grid.copy.1}{grid.copy}{chapter.5}% 654
\BOOKMARK [1][-]{Rfn.grid.curve.1}{grid.curve}{chapter.5}% 655
\BOOKMARK [1][-]{Rfn.grid.display.list.1}{grid.display.list}{chapter.5}% 656
\BOOKMARK [1][-]{Rfn.grid.DLapply.1}{grid.DLapply}{chapter.5}% 657
\BOOKMARK [1][-]{Rfn.grid.draw.1}{grid.draw}{chapter.5}% 658
\BOOKMARK [1][-]{Rfn.grid.edit.1}{grid.edit}{chapter.5}% 659
\BOOKMARK [1][-]{Rfn.grid.frame.1}{grid.frame}{chapter.5}% 660
\BOOKMARK [1][-]{Rfn.grid.function.1}{grid.function}{chapter.5}% 661
\BOOKMARK [1][-]{Rfn.grid.get.1}{grid.get}{chapter.5}% 662
\BOOKMARK [1][-]{Rfn.grid.grab.1}{grid.grab}{chapter.5}% 663
\BOOKMARK [1][-]{Rfn.grid.grill.1}{grid.grill}{chapter.5}% 664
\BOOKMARK [1][-]{Rfn.grid.grob.1}{grid.grob}{chapter.5}% 665
\BOOKMARK [1][-]{Rfn.grid.layout.1}{grid.layout}{chapter.5}% 666
\BOOKMARK [1][-]{Rfn.grid.lines.1}{grid.lines}{chapter.5}% 667
\BOOKMARK [1][-]{Rfn.grid.locator.1}{grid.locator}{chapter.5}% 668
\BOOKMARK [1][-]{Rfn.grid.ls.1}{grid.ls}{chapter.5}% 669
\BOOKMARK [1][-]{Rfn.grid.move.to.1}{grid.move.to}{chapter.5}% 670
\BOOKMARK [1][-]{Rfn.grid.newpage.1}{grid.newpage}{chapter.5}% 671
\BOOKMARK [1][-]{Rfn.grid.null.1}{grid.null}{chapter.5}% 672
\BOOKMARK [1][-]{Rfn.grid.pack.1}{grid.pack}{chapter.5}% 673
\BOOKMARK [1][-]{Rfn.grid.path.1}{grid.path}{chapter.5}% 674
\BOOKMARK [1][-]{Rfn.grid.place.1}{grid.place}{chapter.5}% 675
\BOOKMARK [1][-]{Rfn.grid.plot.and.legend.1}{grid.plot.and.legend}{chapter.5}% 676
\BOOKMARK [1][-]{Rfn.grid.points.1}{grid.points}{chapter.5}% 677
\BOOKMARK [1][-]{Rfn.grid.polygon.1}{grid.polygon}{chapter.5}% 678
\BOOKMARK [1][-]{Rfn.grid.pretty.1}{grid.pretty}{chapter.5}% 679
\BOOKMARK [1][-]{Rfn.grid.prompt.1}{grid.prompt}{chapter.5}% 680
\BOOKMARK [1][-]{Rfn.grid.raster.1}{grid.raster}{chapter.5}% 681
\BOOKMARK [1][-]{Rfn.grid.record.1}{grid.record}{chapter.5}% 682
\BOOKMARK [1][-]{Rfn.grid.rect.1}{grid.rect}{chapter.5}% 683
\BOOKMARK [1][-]{Rfn.grid.refresh.1}{grid.refresh}{chapter.5}% 684
\BOOKMARK [1][-]{Rfn.grid.remove.1}{grid.remove}{chapter.5}% 685
\BOOKMARK [1][-]{Rfn.grid.segments.1}{grid.segments}{chapter.5}% 686
\BOOKMARK [1][-]{Rfn.grid.set.1}{grid.set}{chapter.5}% 687
\BOOKMARK [1][-]{Rfn.grid.show.layout.1}{grid.show.layout}{chapter.5}% 688
\BOOKMARK [1][-]{Rfn.grid.show.viewport.1}{grid.show.viewport}{chapter.5}% 689
\BOOKMARK [1][-]{Rfn.grid.text.1}{grid.text}{chapter.5}% 690
\BOOKMARK [1][-]{Rfn.grid.xaxis.1}{grid.xaxis}{chapter.5}% 691
\BOOKMARK [1][-]{Rfn.grid.xspline.1}{grid.xspline}{chapter.5}% 692
\BOOKMARK [1][-]{Rfn.grid.yaxis.1}{grid.yaxis}{chapter.5}% 693
\BOOKMARK [1][-]{Rfn.grobName.1}{grobName}{chapter.5}% 694
\BOOKMARK [1][-]{Rfn.grobWidth.1}{grobWidth}{chapter.5}% 695
\BOOKMARK [1][-]{Rfn.grobX.1}{grobX}{chapter.5}% 696
\BOOKMARK [1][-]{Rfn.plotViewport.1}{plotViewport}{chapter.5}% 697
\BOOKMARK [1][-]{Rfn.pop.viewport.1}{pop.viewport}{chapter.5}% 698
\BOOKMARK [1][-]{Rfn.push.viewport.1}{push.viewport}{chapter.5}% 699
\BOOKMARK [1][-]{Rfn.Querying the Viewport Tree.1}{Querying the Viewport Tree}{chapter.5}% 700
\BOOKMARK [1][-]{Rfn.roundrect.1}{roundrect}{chapter.5}% 701
\BOOKMARK [1][-]{Rfn.showGrob.1}{showGrob}{chapter.5}% 702
\BOOKMARK [1][-]{Rfn.showViewport.1}{showViewport}{chapter.5}% 703
\BOOKMARK [1][-]{Rfn.stringWidth.1}{stringWidth}{chapter.5}% 704
\BOOKMARK [1][-]{Rfn.unit.1}{unit}{chapter.5}% 705
\BOOKMARK [1][-]{Rfn.unit.c.1}{unit.c}{chapter.5}% 706
\BOOKMARK [1][-]{Rfn.unit.length.1}{unit.length}{chapter.5}% 707
\BOOKMARK [1][-]{Rfn.unit.pmin.1}{unit.pmin}{chapter.5}% 708
\BOOKMARK [1][-]{Rfn.unit.rep.1}{unit.rep}{chapter.5}% 709
\BOOKMARK [1][-]{Rfn.valid.just.1}{valid.just}{chapter.5}% 710
\BOOKMARK [1][-]{Rfn.validDetails.1}{validDetails}{chapter.5}% 711
\BOOKMARK [1][-]{Rfn.vpPath.1}{vpPath}{chapter.5}% 712
\BOOKMARK [1][-]{Rfn.widthDetails.1}{widthDetails}{chapter.5}% 713
\BOOKMARK [1][-]{Rfn.Working with Viewports.1}{Working with Viewports}{chapter.5}% 714
\BOOKMARK [1][-]{Rfn.xDetails.1}{xDetails}{chapter.5}% 715
\BOOKMARK [1][-]{Rfn.xsplinePoints.1}{xsplinePoints}{chapter.5}% 716
\BOOKMARK [0][-]{chapter.6}{The methods package}{}% 717
\BOOKMARK [1][-]{Rfn.methods.Rdash.package.1}{methods-package}{chapter.6}% 718
\BOOKMARK [1][-]{Rfn..BasicFunsList.1}{.BasicFunsList}{chapter.6}% 719
\BOOKMARK [1][-]{Rfn.as.1}{as}{chapter.6}% 720
\BOOKMARK [1][-]{Rfn.BasicClasses.1}{BasicClasses}{chapter.6}% 721
\BOOKMARK [1][-]{Rfn.callGeneric.1}{callGeneric}{chapter.6}% 722
\BOOKMARK [1][-]{Rfn.callNextMethod.1}{callNextMethod}{chapter.6}% 723
\BOOKMARK [1][-]{Rfn.canCoerce.1}{canCoerce}{chapter.6}% 724
\BOOKMARK [1][-]{Rfn.cbind2.1}{cbind2}{chapter.6}% 725
\BOOKMARK [1][-]{Rfn.Classes.1}{Classes}{chapter.6}% 726
\BOOKMARK [1][-]{Rfn.classesToAM.1}{classesToAM}{chapter.6}% 727
\BOOKMARK [1][-]{Rfn.className.1}{className}{chapter.6}% 728
\BOOKMARK [1][-]{Rfn.classRepresentation.Rdash.class.1}{classRepresentation-class}{chapter.6}% 729
\BOOKMARK [1][-]{Rfn.Documentation.1}{Documentation}{chapter.6}% 730
\BOOKMARK [1][-]{Rfn.dotsMethods.1}{dotsMethods}{chapter.6}% 731
\BOOKMARK [1][-]{Rfn.environment.Rdash.class.1}{environment-class}{chapter.6}% 732
\BOOKMARK [1][-]{Rfn.envRefClass.Rdash.class.1}{envRefClass-class}{chapter.6}% 733
\BOOKMARK [1][-]{Rfn.evalSource.1}{evalSource}{chapter.6}% 734
\BOOKMARK [1][-]{Rfn.findClass.1}{findClass}{chapter.6}% 735
\BOOKMARK [1][-]{Rfn.findMethods.1}{findMethods}{chapter.6}% 736
\BOOKMARK [1][-]{Rfn.fixPre1.8.1}{fixPre1.8}{chapter.6}% 737
\BOOKMARK [1][-]{Rfn.genericFunction.Rdash.class.1}{genericFunction-class}{chapter.6}% 738
\BOOKMARK [1][-]{Rfn.GenericFunctions.1}{GenericFunctions}{chapter.6}% 739
\BOOKMARK [1][-]{Rfn.getClass.1}{getClass}{chapter.6}% 740
\BOOKMARK [1][-]{Rfn.getMethod.1}{getMethod}{chapter.6}% 741
\BOOKMARK [1][-]{Rfn.getPackageName.1}{getPackageName}{chapter.6}% 742
\BOOKMARK [1][-]{Rfn.hasArg.1}{hasArg}{chapter.6}% 743
\BOOKMARK [1][-]{Rfn.implicitGeneric.1}{implicitGeneric}{chapter.6}% 744
\BOOKMARK [1][-]{Rfn.inheritedSlotNames.1}{inheritedSlotNames}{chapter.6}% 745
\BOOKMARK [1][-]{Rfn.initialize.Rdash.methods.1}{initialize-methods}{chapter.6}% 746
\BOOKMARK [1][-]{Rfn.is.1}{is}{chapter.6}% 747
\BOOKMARK [1][-]{Rfn.isSealedMethod.1}{isSealedMethod}{chapter.6}% 748
\BOOKMARK [1][-]{Rfn.language.Rdash.class.1}{language-class}{chapter.6}% 749
\BOOKMARK [1][-]{Rfn.LinearMethodsList.Rdash.class.1}{LinearMethodsList-class}{chapter.6}% 750
\BOOKMARK [1][-]{Rfn.makeClassRepresentation.1}{makeClassRepresentation}{chapter.6}% 751
\BOOKMARK [1][-]{Rfn.method.skeleton.1}{method.skeleton}{chapter.6}% 752
\BOOKMARK [1][-]{Rfn.MethodDefinition.Rdash.class.1}{MethodDefinition-class}{chapter.6}% 753
\BOOKMARK [1][-]{Rfn.Methods.1}{Methods}{chapter.6}% 754
\BOOKMARK [1][-]{Rfn.MethodsList.Rdash.class.1}{MethodsList-class}{chapter.6}% 755
\BOOKMARK [1][-]{Rfn.MethodWithNext.Rdash.class.1}{MethodWithNext-class}{chapter.6}% 756
\BOOKMARK [1][-]{Rfn.new.1}{new}{chapter.6}% 757
\BOOKMARK [1][-]{Rfn.nonStructure.Rdash.class.1}{nonStructure-class}{chapter.6}% 758
\BOOKMARK [1][-]{Rfn.ObjectsWithPackage.Rdash.class.1}{ObjectsWithPackage-class}{chapter.6}% 759
\BOOKMARK [1][-]{Rfn.promptClass.1}{promptClass}{chapter.6}% 760
\BOOKMARK [1][-]{Rfn.promptMethods.1}{promptMethods}{chapter.6}% 761
\BOOKMARK [1][-]{Rfn.ReferenceClasses.1}{ReferenceClasses}{chapter.6}% 762
\BOOKMARK [1][-]{Rfn.representation.1}{representation}{chapter.6}% 763
\BOOKMARK [1][-]{Rfn.S3Part.1}{S3Part}{chapter.6}% 764
\BOOKMARK [1][-]{Rfn.S4groupGeneric.1}{S4groupGeneric}{chapter.6}% 765
\BOOKMARK [1][-]{Rfn.SClassExtension.Rdash.class.1}{SClassExtension-class}{chapter.6}% 766
\BOOKMARK [1][-]{Rfn.selectSuperClasses.1}{selectSuperClasses}{chapter.6}% 767
\BOOKMARK [1][-]{Rfn.setClass.1}{setClass}{chapter.6}% 768
\BOOKMARK [1][-]{Rfn.setClassUnion.1}{setClassUnion}{chapter.6}% 769
\BOOKMARK [1][-]{Rfn.setGeneric.1}{setGeneric}{chapter.6}% 770
\BOOKMARK [1][-]{Rfn.setLoadActions.1}{setLoadActions}{chapter.6}% 771
\BOOKMARK [1][-]{Rfn.setMethod.1}{setMethod}{chapter.6}% 772
\BOOKMARK [1][-]{Rfn.setOldClass.1}{setOldClass}{chapter.6}% 773
\BOOKMARK [1][-]{Rfn.show.1}{show}{chapter.6}% 774
\BOOKMARK [1][-]{Rfn.showMethods.1}{showMethods}{chapter.6}% 775
\BOOKMARK [1][-]{Rfn.signature.Rdash.class.1}{signature-class}{chapter.6}% 776
\BOOKMARK [1][-]{Rfn.slot.1}{slot}{chapter.6}% 777
\BOOKMARK [1][-]{Rfn.StructureClasses.1}{StructureClasses}{chapter.6}% 778
\BOOKMARK [1][-]{Rfn.testInheritedMethods.1}{testInheritedMethods}{chapter.6}% 779
\BOOKMARK [1][-]{Rfn.TraceClasses.1}{TraceClasses}{chapter.6}% 780
\BOOKMARK [1][-]{Rfn.validObject.1}{validObject}{chapter.6}% 781
\BOOKMARK [0][-]{chapter.7}{The splines package}{}% 782
\BOOKMARK [1][-]{Rfn.splines.Rdash.package.1}{splines-package}{chapter.7}% 783
\BOOKMARK [1][-]{Rfn.asVector.1}{asVector}{chapter.7}% 784
\BOOKMARK [1][-]{Rfn.backSpline.1}{backSpline}{chapter.7}% 785
\BOOKMARK [1][-]{Rfn.bs.1}{bs}{chapter.7}% 786
\BOOKMARK [1][-]{Rfn.interpSpline.1}{interpSpline}{chapter.7}% 787
\BOOKMARK [1][-]{Rfn.ns.1}{ns}{chapter.7}% 788
\BOOKMARK [1][-]{Rfn.periodicSpline.1}{periodicSpline}{chapter.7}% 789
\BOOKMARK [1][-]{Rfn.polySpline.1}{polySpline}{chapter.7}% 790
\BOOKMARK [1][-]{Rfn.predict.bs.1}{predict.bs}{chapter.7}% 791
\BOOKMARK [1][-]{Rfn.predict.bSpline.1}{predict.bSpline}{chapter.7}% 792
\BOOKMARK [1][-]{Rfn.splineDesign.1}{splineDesign}{chapter.7}% 793
\BOOKMARK [1][-]{Rfn.splineKnots.1}{splineKnots}{chapter.7}% 794
\BOOKMARK [1][-]{Rfn.splineOrder.1}{splineOrder}{chapter.7}% 795
\BOOKMARK [1][-]{Rfn.xyVector.1}{xyVector}{chapter.7}% 796
\BOOKMARK [0][-]{chapter.8}{The stats package}{}% 797
\BOOKMARK [1][-]{Rfn.stats.Rdash.package.1}{stats-package}{chapter.8}% 798
\BOOKMARK [1][-]{Rfn..checkMFClasses.1}{.checkMFClasses}{chapter.8}% 799
\BOOKMARK [1][-]{Rfn.acf.1}{acf}{chapter.8}% 800
\BOOKMARK [1][-]{Rfn.acf2AR.1}{acf2AR}{chapter.8}% 801
\BOOKMARK [1][-]{Rfn.add1.1}{add1}{chapter.8}% 802
\BOOKMARK [1][-]{Rfn.addmargins.1}{addmargins}{chapter.8}% 803
\BOOKMARK [1][-]{Rfn.aggregate.1}{aggregate}{chapter.8}% 804
\BOOKMARK [1][-]{Rfn.AIC.1}{AIC}{chapter.8}% 805
\BOOKMARK [1][-]{Rfn.alias.1}{alias}{chapter.8}% 806
\BOOKMARK [1][-]{Rfn.anova.1}{anova}{chapter.8}% 807
\BOOKMARK [1][-]{Rfn.anova.glm.1}{anova.glm}{chapter.8}% 808
\BOOKMARK [1][-]{Rfn.anova.lm.1}{anova.lm}{chapter.8}% 809
\BOOKMARK [1][-]{Rfn.anova.mlm.1}{anova.mlm}{chapter.8}% 810
\BOOKMARK [1][-]{Rfn.ansari.test.1}{ansari.test}{chapter.8}% 811
\BOOKMARK [1][-]{Rfn.aov.1}{aov}{chapter.8}% 812
\BOOKMARK [1][-]{Rfn.approxfun.1}{approxfun}{chapter.8}% 813
\BOOKMARK [1][-]{Rfn.ar.1}{ar}{chapter.8}% 814
\BOOKMARK [1][-]{Rfn.ar.ols.1}{ar.ols}{chapter.8}% 815
\BOOKMARK [1][-]{Rfn.arima.1}{arima}{chapter.8}% 816
\BOOKMARK [1][-]{Rfn.arima.sim.1}{arima.sim}{chapter.8}% 817
\BOOKMARK [1][-]{Rfn.arima0.1}{arima0}{chapter.8}% 818
\BOOKMARK [1][-]{Rfn.ARMAacf.1}{ARMAacf}{chapter.8}% 819
\BOOKMARK [1][-]{Rfn.ARMAtoMA.1}{ARMAtoMA}{chapter.8}% 820
\BOOKMARK [1][-]{Rfn.as.hclust.1}{as.hclust}{chapter.8}% 821
\BOOKMARK [1][-]{Rfn.asOneSidedFormula.1}{asOneSidedFormula}{chapter.8}% 822
\BOOKMARK [1][-]{Rfn.ave.1}{ave}{chapter.8}% 823
\BOOKMARK [1][-]{Rfn.bandwidth.1}{bandwidth}{chapter.8}% 824
\BOOKMARK [1][-]{Rfn.bartlett.test.1}{bartlett.test}{chapter.8}% 825
\BOOKMARK [1][-]{Rfn.Beta.1}{Beta}{chapter.8}% 826
\BOOKMARK [1][-]{Rfn.binom.test.1}{binom.test}{chapter.8}% 827
\BOOKMARK [1][-]{Rfn.Binomial.1}{Binomial}{chapter.8}% 828
\BOOKMARK [1][-]{Rfn.biplot.1}{biplot}{chapter.8}% 829
\BOOKMARK [1][-]{Rfn.biplot.princomp.1}{biplot.princomp}{chapter.8}% 830
\BOOKMARK [1][-]{Rfn.birthday.1}{birthday}{chapter.8}% 831
\BOOKMARK [1][-]{Rfn.Box.test.1}{Box.test}{chapter.8}% 832
\BOOKMARK [1][-]{Rfn.C.1}{C}{chapter.8}% 833
\BOOKMARK [1][-]{Rfn.cancor.1}{cancor}{chapter.8}% 834
\BOOKMARK [1][-]{Rfn.case+variable.names.1}{case+variable.names}{chapter.8}% 835
\BOOKMARK [1][-]{Rfn.Cauchy.1}{Cauchy}{chapter.8}% 836
\BOOKMARK [1][-]{Rfn.chisq.test.1}{chisq.test}{chapter.8}% 837
\BOOKMARK [1][-]{Rfn.Chisquare.1}{Chisquare}{chapter.8}% 838
\BOOKMARK [1][-]{Rfn.cmdscale.1}{cmdscale}{chapter.8}% 839
\BOOKMARK [1][-]{Rfn.coef.1}{coef}{chapter.8}% 840
\BOOKMARK [1][-]{Rfn.complete.cases.1}{complete.cases}{chapter.8}% 841
\BOOKMARK [1][-]{Rfn.confint.1}{confint}{chapter.8}% 842
\BOOKMARK [1][-]{Rfn.constrOptim.1}{constrOptim}{chapter.8}% 843
\BOOKMARK [1][-]{Rfn.contrast.1}{contrast}{chapter.8}% 844
\BOOKMARK [1][-]{Rfn.contrasts.1}{contrasts}{chapter.8}% 845
\BOOKMARK [1][-]{Rfn.convolve.1}{convolve}{chapter.8}% 846
\BOOKMARK [1][-]{Rfn.cophenetic.1}{cophenetic}{chapter.8}% 847
\BOOKMARK [1][-]{Rfn.cor.1}{cor}{chapter.8}% 848
\BOOKMARK [1][-]{Rfn.cor.test.1}{cor.test}{chapter.8}% 849
\BOOKMARK [1][-]{Rfn.cov.wt.1}{cov.wt}{chapter.8}% 850
\BOOKMARK [1][-]{Rfn.cpgram.1}{cpgram}{chapter.8}% 851
\BOOKMARK [1][-]{Rfn.cutree.1}{cutree}{chapter.8}% 852
\BOOKMARK [1][-]{Rfn.decompose.1}{decompose}{chapter.8}% 853
\BOOKMARK [1][-]{Rfn.delete.response.1}{delete.response}{chapter.8}% 854
\BOOKMARK [1][-]{Rfn.dendrapply.1}{dendrapply}{chapter.8}% 855
\BOOKMARK [1][-]{Rfn.dendrogram.1}{dendrogram}{chapter.8}% 856
\BOOKMARK [1][-]{Rfn.density.1}{density}{chapter.8}% 857
\BOOKMARK [1][-]{Rfn.deriv.1}{deriv}{chapter.8}% 858
\BOOKMARK [1][-]{Rfn.deviance.1}{deviance}{chapter.8}% 859
\BOOKMARK [1][-]{Rfn.df.residual.1}{df.residual}{chapter.8}% 860
\BOOKMARK [1][-]{Rfn.diffinv.1}{diffinv}{chapter.8}% 861
\BOOKMARK [1][-]{Rfn.dist.1}{dist}{chapter.8}% 862
\BOOKMARK [1][-]{Rfn.Distributions.1}{Distributions}{chapter.8}% 863
\BOOKMARK [1][-]{Rfn.dummy.coef.1}{dummy.coef}{chapter.8}% 864
\BOOKMARK [1][-]{Rfn.ecdf.1}{ecdf}{chapter.8}% 865
\BOOKMARK [1][-]{Rfn.eff.aovlist.1}{eff.aovlist}{chapter.8}% 866
\BOOKMARK [1][-]{Rfn.effects.1}{effects}{chapter.8}% 867
\BOOKMARK [1][-]{Rfn.embed.1}{embed}{chapter.8}% 868
\BOOKMARK [1][-]{Rfn.expand.model.frame.1}{expand.model.frame}{chapter.8}% 869
\BOOKMARK [1][-]{Rfn.Exponential.1}{Exponential}{chapter.8}% 870
\BOOKMARK [1][-]{Rfn.extractAIC.1}{extractAIC}{chapter.8}% 871
\BOOKMARK [1][-]{Rfn.factanal.1}{factanal}{chapter.8}% 872
\BOOKMARK [1][-]{Rfn.factor.scope.1}{factor.scope}{chapter.8}% 873
\BOOKMARK [1][-]{Rfn.family.1}{family}{chapter.8}% 874
\BOOKMARK [1][-]{Rfn.FDist.1}{FDist}{chapter.8}% 875
\BOOKMARK [1][-]{Rfn.fft.1}{fft}{chapter.8}% 876
\BOOKMARK [1][-]{Rfn.filter.1}{filter}{chapter.8}% 877
\BOOKMARK [1][-]{Rfn.fisher.test.1}{fisher.test}{chapter.8}% 878
\BOOKMARK [1][-]{Rfn.fitted.1}{fitted}{chapter.8}% 879
\BOOKMARK [1][-]{Rfn.fivenum.1}{fivenum}{chapter.8}% 880
\BOOKMARK [1][-]{Rfn.fligner.test.1}{fligner.test}{chapter.8}% 881
\BOOKMARK [1][-]{Rfn.formula.1}{formula}{chapter.8}% 882
\BOOKMARK [1][-]{Rfn.formula.nls.1}{formula.nls}{chapter.8}% 883
\BOOKMARK [1][-]{Rfn.friedman.test.1}{friedman.test}{chapter.8}% 884
\BOOKMARK [1][-]{Rfn.ftable.1}{ftable}{chapter.8}% 885
\BOOKMARK [1][-]{Rfn.ftable.formula.1}{ftable.formula}{chapter.8}% 886
\BOOKMARK [1][-]{Rfn.GammaDist.1}{GammaDist}{chapter.8}% 887
\BOOKMARK [1][-]{Rfn.Geometric.1}{Geometric}{chapter.8}% 888
\BOOKMARK [1][-]{Rfn.getInitial.1}{getInitial}{chapter.8}% 889
\BOOKMARK [1][-]{Rfn.glm.1}{glm}{chapter.8}% 890
\BOOKMARK [1][-]{Rfn.glm.control.1}{glm.control}{chapter.8}% 891
\BOOKMARK [1][-]{Rfn.glm.summaries.1}{glm.summaries}{chapter.8}% 892
\BOOKMARK [1][-]{Rfn.hclust.1}{hclust}{chapter.8}% 893
\BOOKMARK [1][-]{Rfn.heatmap.1}{heatmap}{chapter.8}% 894
\BOOKMARK [1][-]{Rfn.HoltWinters.1}{HoltWinters}{chapter.8}% 895
\BOOKMARK [1][-]{Rfn.Hypergeometric.1}{Hypergeometric}{chapter.8}% 896
\BOOKMARK [1][-]{Rfn.identify.hclust.1}{identify.hclust}{chapter.8}% 897
\BOOKMARK [1][-]{Rfn.influence.measures.1}{influence.measures}{chapter.8}% 898
\BOOKMARK [1][-]{Rfn.integrate.1}{integrate}{chapter.8}% 899
\BOOKMARK [1][-]{Rfn.interaction.plot.1}{interaction.plot}{chapter.8}% 900
\BOOKMARK [1][-]{Rfn.IQR.1}{IQR}{chapter.8}% 901
\BOOKMARK [1][-]{Rfn.is.empty.model.1}{is.empty.model}{chapter.8}% 902
\BOOKMARK [1][-]{Rfn.isoreg.1}{isoreg}{chapter.8}% 903
\BOOKMARK [1][-]{Rfn.KalmanLike.1}{KalmanLike}{chapter.8}% 904
\BOOKMARK [1][-]{Rfn.kernapply.1}{kernapply}{chapter.8}% 905
\BOOKMARK [1][-]{Rfn.kernel.1}{kernel}{chapter.8}% 906
\BOOKMARK [1][-]{Rfn.kmeans.1}{kmeans}{chapter.8}% 907
\BOOKMARK [1][-]{Rfn.kruskal.test.1}{kruskal.test}{chapter.8}% 908
\BOOKMARK [1][-]{Rfn.ks.test.1}{ks.test}{chapter.8}% 909
\BOOKMARK [1][-]{Rfn.ksmooth.1}{ksmooth}{chapter.8}% 910
\BOOKMARK [1][-]{Rfn.lag.1}{lag}{chapter.8}% 911
\BOOKMARK [1][-]{Rfn.lag.plot.1}{lag.plot}{chapter.8}% 912
\BOOKMARK [1][-]{Rfn.line.1}{line}{chapter.8}% 913
\BOOKMARK [1][-]{Rfn.lm.1}{lm}{chapter.8}% 914
\BOOKMARK [1][-]{Rfn.lm.fit.1}{lm.fit}{chapter.8}% 915
\BOOKMARK [1][-]{Rfn.lm.influence.1}{lm.influence}{chapter.8}% 916
\BOOKMARK [1][-]{Rfn.lm.summaries.1}{lm.summaries}{chapter.8}% 917
\BOOKMARK [1][-]{Rfn.loadings.1}{loadings}{chapter.8}% 918
\BOOKMARK [1][-]{Rfn.loess.1}{loess}{chapter.8}% 919
\BOOKMARK [1][-]{Rfn.loess.control.1}{loess.control}{chapter.8}% 920
\BOOKMARK [1][-]{Rfn.Logistic.1}{Logistic}{chapter.8}% 921
\BOOKMARK [1][-]{Rfn.logLik.1}{logLik}{chapter.8}% 922
\BOOKMARK [1][-]{Rfn.loglin.1}{loglin}{chapter.8}% 923
\BOOKMARK [1][-]{Rfn.Lognormal.1}{Lognormal}{chapter.8}% 924
\BOOKMARK [1][-]{Rfn.lowess.1}{lowess}{chapter.8}% 925
\BOOKMARK [1][-]{Rfn.ls.diag.1}{ls.diag}{chapter.8}% 926
\BOOKMARK [1][-]{Rfn.ls.print.1}{ls.print}{chapter.8}% 927
\BOOKMARK [1][-]{Rfn.lsfit.1}{lsfit}{chapter.8}% 928
\BOOKMARK [1][-]{Rfn.mad.1}{mad}{chapter.8}% 929
\BOOKMARK [1][-]{Rfn.mahalanobis.1}{mahalanobis}{chapter.8}% 930
\BOOKMARK [1][-]{Rfn.make.link.1}{make.link}{chapter.8}% 931
\BOOKMARK [1][-]{Rfn.makepredictcall.1}{makepredictcall}{chapter.8}% 932
\BOOKMARK [1][-]{Rfn.manova.1}{manova}{chapter.8}% 933
\BOOKMARK [1][-]{Rfn.mantelhaen.test.1}{mantelhaen.test}{chapter.8}% 934
\BOOKMARK [1][-]{Rfn.mauchly.test.1}{mauchly.test}{chapter.8}% 935
\BOOKMARK [1][-]{Rfn.mcnemar.test.1}{mcnemar.test}{chapter.8}% 936
\BOOKMARK [1][-]{Rfn.median.1}{median}{chapter.8}% 937
\BOOKMARK [1][-]{Rfn.medpolish.1}{medpolish}{chapter.8}% 938
\BOOKMARK [1][-]{Rfn.model.extract.1}{model.extract}{chapter.8}% 939
\BOOKMARK [1][-]{Rfn.model.frame.1}{model.frame}{chapter.8}% 940
\BOOKMARK [1][-]{Rfn.model.matrix.1}{model.matrix}{chapter.8}% 941
\BOOKMARK [1][-]{Rfn.model.tables.1}{model.tables}{chapter.8}% 942
\BOOKMARK [1][-]{Rfn.monthplot.1}{monthplot}{chapter.8}% 943
\BOOKMARK [1][-]{Rfn.mood.test.1}{mood.test}{chapter.8}% 944
\BOOKMARK [1][-]{Rfn.Multinom.1}{Multinom}{chapter.8}% 945
\BOOKMARK [1][-]{Rfn.na.action.1}{na.action}{chapter.8}% 946
\BOOKMARK [1][-]{Rfn.na.contiguous.1}{na.contiguous}{chapter.8}% 947
\BOOKMARK [1][-]{Rfn.na.fail.1}{na.fail}{chapter.8}% 948
\BOOKMARK [1][-]{Rfn.naprint.1}{naprint}{chapter.8}% 949
\BOOKMARK [1][-]{Rfn.naresid.1}{naresid}{chapter.8}% 950
\BOOKMARK [1][-]{Rfn.NegBinomial.1}{NegBinomial}{chapter.8}% 951
\BOOKMARK [1][-]{Rfn.nextn.1}{nextn}{chapter.8}% 952
\BOOKMARK [1][-]{Rfn.nlm.1}{nlm}{chapter.8}% 953
\BOOKMARK [1][-]{Rfn.nlminb.1}{nlminb}{chapter.8}% 954
\BOOKMARK [1][-]{Rfn.nls.1}{nls}{chapter.8}% 955
\BOOKMARK [1][-]{Rfn.nls.control.1}{nls.control}{chapter.8}% 956
\BOOKMARK [1][-]{Rfn.NLSstAsymptotic.1}{NLSstAsymptotic}{chapter.8}% 957
\BOOKMARK [1][-]{Rfn.NLSstClosestX.1}{NLSstClosestX}{chapter.8}% 958
\BOOKMARK [1][-]{Rfn.NLSstLfAsymptote.1}{NLSstLfAsymptote}{chapter.8}% 959
\BOOKMARK [1][-]{Rfn.NLSstRtAsymptote.1}{NLSstRtAsymptote}{chapter.8}% 960
\BOOKMARK [1][-]{Rfn.nobs.1}{nobs}{chapter.8}% 961
\BOOKMARK [1][-]{Rfn.Normal.1}{Normal}{chapter.8}% 962
\BOOKMARK [1][-]{Rfn.numericDeriv.1}{numericDeriv}{chapter.8}% 963
\BOOKMARK [1][-]{Rfn.offset.1}{offset}{chapter.8}% 964
\BOOKMARK [1][-]{Rfn.oneway.test.1}{oneway.test}{chapter.8}% 965
\BOOKMARK [1][-]{Rfn.optim.1}{optim}{chapter.8}% 966
\BOOKMARK [1][-]{Rfn.optimize.1}{optimize}{chapter.8}% 967
\BOOKMARK [1][-]{Rfn.order.dendrogram.1}{order.dendrogram}{chapter.8}% 968
\BOOKMARK [1][-]{Rfn.p.adjust.1}{p.adjust}{chapter.8}% 969
\BOOKMARK [1][-]{Rfn.pairwise.prop.test.1}{pairwise.prop.test}{chapter.8}% 970
\BOOKMARK [1][-]{Rfn.pairwise.t.test.1}{pairwise.t.test}{chapter.8}% 971
\BOOKMARK [1][-]{Rfn.pairwise.table.1}{pairwise.table}{chapter.8}% 972
\BOOKMARK [1][-]{Rfn.pairwise.wilcox.test.1}{pairwise.wilcox.test}{chapter.8}% 973
\BOOKMARK [1][-]{Rfn.plot.acf.1}{plot.acf}{chapter.8}% 974
\BOOKMARK [1][-]{Rfn.plot.density.1}{plot.density}{chapter.8}% 975
\BOOKMARK [1][-]{Rfn.plot.HoltWinters.1}{plot.HoltWinters}{chapter.8}% 976
\BOOKMARK [1][-]{Rfn.plot.isoreg.1}{plot.isoreg}{chapter.8}% 977
\BOOKMARK [1][-]{Rfn.plot.lm.1}{plot.lm}{chapter.8}% 978
\BOOKMARK [1][-]{Rfn.plot.ppr.1}{plot.ppr}{chapter.8}% 979
\BOOKMARK [1][-]{Rfn.plot.profile.nls.1}{plot.profile.nls}{chapter.8}% 980
\BOOKMARK [1][-]{Rfn.plot.spec.1}{plot.spec}{chapter.8}% 981
\BOOKMARK [1][-]{Rfn.plot.stepfun.1}{plot.stepfun}{chapter.8}% 982
\BOOKMARK [1][-]{Rfn.plot.ts.1}{plot.ts}{chapter.8}% 983
\BOOKMARK [1][-]{Rfn.Poisson.1}{Poisson}{chapter.8}% 984
\BOOKMARK [1][-]{Rfn.poisson.test.1}{poisson.test}{chapter.8}% 985
\BOOKMARK [1][-]{Rfn.poly.1}{poly}{chapter.8}% 986
\BOOKMARK [1][-]{Rfn.power.1}{power}{chapter.8}% 987
\BOOKMARK [1][-]{Rfn.power.anova.test.1}{power.anova.test}{chapter.8}% 988
\BOOKMARK [1][-]{Rfn.power.prop.test.1}{power.prop.test}{chapter.8}% 989
\BOOKMARK [1][-]{Rfn.power.t.test.1}{power.t.test}{chapter.8}% 990
\BOOKMARK [1][-]{Rfn.PP.test.1}{PP.test}{chapter.8}% 991
\BOOKMARK [1][-]{Rfn.ppoints.1}{ppoints}{chapter.8}% 992
\BOOKMARK [1][-]{Rfn.ppr.1}{ppr}{chapter.8}% 993
\BOOKMARK [1][-]{Rfn.prcomp.1}{prcomp}{chapter.8}% 994
\BOOKMARK [1][-]{Rfn.predict.1}{predict}{chapter.8}% 995
\BOOKMARK [1][-]{Rfn.predict.Arima.1}{predict.Arima}{chapter.8}% 996
\BOOKMARK [1][-]{Rfn.predict.glm.1}{predict.glm}{chapter.8}% 997
\BOOKMARK [1][-]{Rfn.predict.HoltWinters.1}{predict.HoltWinters}{chapter.8}% 998
\BOOKMARK [1][-]{Rfn.predict.lm.1}{predict.lm}{chapter.8}% 999
\BOOKMARK [1][-]{Rfn.predict.loess.1}{predict.loess}{chapter.8}% 1000
\BOOKMARK [1][-]{Rfn.predict.nls.1}{predict.nls}{chapter.8}% 1001
\BOOKMARK [1][-]{Rfn.predict.smooth.spline.1}{predict.smooth.spline}{chapter.8}% 1002
\BOOKMARK [1][-]{Rfn.preplot.1}{preplot}{chapter.8}% 1003
\BOOKMARK [1][-]{Rfn.princomp.1}{princomp}{chapter.8}% 1004
\BOOKMARK [1][-]{Rfn.print.power.htest.1}{print.power.htest}{chapter.8}% 1005
\BOOKMARK [1][-]{Rfn.print.ts.1}{print.ts}{chapter.8}% 1006
\BOOKMARK [1][-]{Rfn.printCoefmat.1}{printCoefmat}{chapter.8}% 1007
\BOOKMARK [1][-]{Rfn.profile.1}{profile}{chapter.8}% 1008
\BOOKMARK [1][-]{Rfn.profile.nls.1}{profile.nls}{chapter.8}% 1009
\BOOKMARK [1][-]{Rfn.proj.1}{proj}{chapter.8}% 1010
\BOOKMARK [1][-]{Rfn.prop.test.1}{prop.test}{chapter.8}% 1011
\BOOKMARK [1][-]{Rfn.prop.trend.test.1}{prop.trend.test}{chapter.8}% 1012
\BOOKMARK [1][-]{Rfn.qqnorm.1}{qqnorm}{chapter.8}% 1013
\BOOKMARK [1][-]{Rfn.quade.test.1}{quade.test}{chapter.8}% 1014
\BOOKMARK [1][-]{Rfn.quantile.1}{quantile}{chapter.8}% 1015
\BOOKMARK [1][-]{Rfn.r2dtable.1}{r2dtable}{chapter.8}% 1016
\BOOKMARK [1][-]{Rfn.read.ftable.1}{read.ftable}{chapter.8}% 1017
\BOOKMARK [1][-]{Rfn.rect.hclust.1}{rect.hclust}{chapter.8}% 1018
\BOOKMARK [1][-]{Rfn.relevel.1}{relevel}{chapter.8}% 1019
\BOOKMARK [1][-]{Rfn.reorder.default.1}{reorder.default}{chapter.8}% 1020
\BOOKMARK [1][-]{Rfn.reorder.dendrogram.1}{reorder.dendrogram}{chapter.8}% 1021
\BOOKMARK [1][-]{Rfn.replications.1}{replications}{chapter.8}% 1022
\BOOKMARK [1][-]{Rfn.reshape.1}{reshape}{chapter.8}% 1023
\BOOKMARK [1][-]{Rfn.residuals.1}{residuals}{chapter.8}% 1024
\BOOKMARK [1][-]{Rfn.runmed.1}{runmed}{chapter.8}% 1025
\BOOKMARK [1][-]{Rfn.rWishart.1}{rWishart}{chapter.8}% 1026
\BOOKMARK [1][-]{Rfn.scatter.smooth.1}{scatter.smooth}{chapter.8}% 1027
\BOOKMARK [1][-]{Rfn.screeplot.1}{screeplot}{chapter.8}% 1028
\BOOKMARK [1][-]{Rfn.sd.1}{sd}{chapter.8}% 1029
\BOOKMARK [1][-]{Rfn.se.contrast.1}{se.contrast}{chapter.8}% 1030
\BOOKMARK [1][-]{Rfn.selfStart.1}{selfStart}{chapter.8}% 1031
\BOOKMARK [1][-]{Rfn.setNames.1}{setNames}{chapter.8}% 1032
\BOOKMARK [1][-]{Rfn.shapiro.test.1}{shapiro.test}{chapter.8}% 1033
\BOOKMARK [1][-]{Rfn.SignRank.1}{SignRank}{chapter.8}% 1034
\BOOKMARK [1][-]{Rfn.simulate.1}{simulate}{chapter.8}% 1035
\BOOKMARK [1][-]{Rfn.smooth.1}{smooth}{chapter.8}% 1036
\BOOKMARK [1][-]{Rfn.smooth.spline.1}{smooth.spline}{chapter.8}% 1037
\BOOKMARK [1][-]{Rfn.smoothEnds.1}{smoothEnds}{chapter.8}% 1038
\BOOKMARK [1][-]{Rfn.sortedXyData.1}{sortedXyData}{chapter.8}% 1039
\BOOKMARK [1][-]{Rfn.spec.ar.1}{spec.ar}{chapter.8}% 1040
\BOOKMARK [1][-]{Rfn.spec.pgram.1}{spec.pgram}{chapter.8}% 1041
\BOOKMARK [1][-]{Rfn.spec.taper.1}{spec.taper}{chapter.8}% 1042
\BOOKMARK [1][-]{Rfn.spectrum.1}{spectrum}{chapter.8}% 1043
\BOOKMARK [1][-]{Rfn.splinefun.1}{splinefun}{chapter.8}% 1044
\BOOKMARK [1][-]{Rfn.SSasymp.1}{SSasymp}{chapter.8}% 1045
\BOOKMARK [1][-]{Rfn.SSasympOff.1}{SSasympOff}{chapter.8}% 1046
\BOOKMARK [1][-]{Rfn.SSasympOrig.1}{SSasympOrig}{chapter.8}% 1047
\BOOKMARK [1][-]{Rfn.SSbiexp.1}{SSbiexp}{chapter.8}% 1048
\BOOKMARK [1][-]{Rfn.SSD.1}{SSD}{chapter.8}% 1049
\BOOKMARK [1][-]{Rfn.SSfol.1}{SSfol}{chapter.8}% 1050
\BOOKMARK [1][-]{Rfn.SSfpl.1}{SSfpl}{chapter.8}% 1051
\BOOKMARK [1][-]{Rfn.SSgompertz.1}{SSgompertz}{chapter.8}% 1052
\BOOKMARK [1][-]{Rfn.SSlogis.1}{SSlogis}{chapter.8}% 1053
\BOOKMARK [1][-]{Rfn.SSmicmen.1}{SSmicmen}{chapter.8}% 1054
\BOOKMARK [1][-]{Rfn.SSweibull.1}{SSweibull}{chapter.8}% 1055
\BOOKMARK [1][-]{Rfn.start.1}{start}{chapter.8}% 1056
\BOOKMARK [1][-]{Rfn.stat.anova.1}{stat.anova}{chapter.8}% 1057
\BOOKMARK [1][-]{Rfn.stats.Rdash.deprecated.1}{stats-deprecated}{chapter.8}% 1058
\BOOKMARK [1][-]{Rfn.step.1}{step}{chapter.8}% 1059
\BOOKMARK [1][-]{Rfn.stepfun.1}{stepfun}{chapter.8}% 1060
\BOOKMARK [1][-]{Rfn.stl.1}{stl}{chapter.8}% 1061
\BOOKMARK [1][-]{Rfn.stlmethods.1}{stlmethods}{chapter.8}% 1062
\BOOKMARK [1][-]{Rfn.StructTS.1}{StructTS}{chapter.8}% 1063
\BOOKMARK [1][-]{Rfn.summary.aov.1}{summary.aov}{chapter.8}% 1064
\BOOKMARK [1][-]{Rfn.summary.glm.1}{summary.glm}{chapter.8}% 1065
\BOOKMARK [1][-]{Rfn.summary.lm.1}{summary.lm}{chapter.8}% 1066
\BOOKMARK [1][-]{Rfn.summary.manova.1}{summary.manova}{chapter.8}% 1067
\BOOKMARK [1][-]{Rfn.summary.nls.1}{summary.nls}{chapter.8}% 1068
\BOOKMARK [1][-]{Rfn.summary.princomp.1}{summary.princomp}{chapter.8}% 1069
\BOOKMARK [1][-]{Rfn.supsmu.1}{supsmu}{chapter.8}% 1070
\BOOKMARK [1][-]{Rfn.symnum.1}{symnum}{chapter.8}% 1071
\BOOKMARK [1][-]{Rfn.t.test.1}{t.test}{chapter.8}% 1072
\BOOKMARK [1][-]{Rfn.TDist.1}{TDist}{chapter.8}% 1073
\BOOKMARK [1][-]{Rfn.termplot.1}{termplot}{chapter.8}% 1074
\BOOKMARK [1][-]{Rfn.terms.1}{terms}{chapter.8}% 1075
\BOOKMARK [1][-]{Rfn.terms.formula.1}{terms.formula}{chapter.8}% 1076
\BOOKMARK [1][-]{Rfn.terms.object.1}{terms.object}{chapter.8}% 1077
\BOOKMARK [1][-]{Rfn.time.1}{time}{chapter.8}% 1078
\BOOKMARK [1][-]{Rfn.toeplitz.1}{toeplitz}{chapter.8}% 1079
\BOOKMARK [1][-]{Rfn.ts.1}{ts}{chapter.8}% 1080
\BOOKMARK [1][-]{Rfn.ts.Rdash.methods.1}{ts-methods}{chapter.8}% 1081
\BOOKMARK [1][-]{Rfn.ts.plot.1}{ts.plot}{chapter.8}% 1082
\BOOKMARK [1][-]{Rfn.ts.union.1}{ts.union}{chapter.8}% 1083
\BOOKMARK [1][-]{Rfn.tsdiag.1}{tsdiag}{chapter.8}% 1084
\BOOKMARK [1][-]{Rfn.tsp.1}{tsp}{chapter.8}% 1085
\BOOKMARK [1][-]{Rfn.tsSmooth.1}{tsSmooth}{chapter.8}% 1086
\BOOKMARK [1][-]{Rfn.Tukey.1}{Tukey}{chapter.8}% 1087
\BOOKMARK [1][-]{Rfn.TukeyHSD.1}{TukeyHSD}{chapter.8}% 1088
\BOOKMARK [1][-]{Rfn.Uniform.1}{Uniform}{chapter.8}% 1089
\BOOKMARK [1][-]{Rfn.uniroot.1}{uniroot}{chapter.8}% 1090
\BOOKMARK [1][-]{Rfn.update.1}{update}{chapter.8}% 1091
\BOOKMARK [1][-]{Rfn.update.formula.1}{update.formula}{chapter.8}% 1092
\BOOKMARK [1][-]{Rfn.var.test.1}{var.test}{chapter.8}% 1093
\BOOKMARK [1][-]{Rfn.varimax.1}{varimax}{chapter.8}% 1094
\BOOKMARK [1][-]{Rfn.vcov.1}{vcov}{chapter.8}% 1095
\BOOKMARK [1][-]{Rfn.Weibull.1}{Weibull}{chapter.8}% 1096
\BOOKMARK [1][-]{Rfn.weighted.mean.1}{weighted.mean}{chapter.8}% 1097
\BOOKMARK [1][-]{Rfn.weighted.residuals.1}{weighted.residuals}{chapter.8}% 1098
\BOOKMARK [1][-]{Rfn.weights.1}{weights}{chapter.8}% 1099
\BOOKMARK [1][-]{Rfn.wilcox.test.1}{wilcox.test}{chapter.8}% 1100
\BOOKMARK [1][-]{Rfn.Wilcoxon.1}{Wilcoxon}{chapter.8}% 1101
\BOOKMARK [1][-]{Rfn.window.1}{window}{chapter.8}% 1102
\BOOKMARK [1][-]{Rfn.xtabs.1}{xtabs}{chapter.8}% 1103
\BOOKMARK [0][-]{chapter.9}{The stats4 package}{}% 1104
\BOOKMARK [1][-]{Rfn.stats4.Rdash.package.1}{stats4-package}{chapter.9}% 1105
\BOOKMARK [1][-]{Rfn.coef.Rdash.methods.1}{coef-methods}{chapter.9}% 1106
\BOOKMARK [1][-]{Rfn.confint.Rdash.methods.1}{confint-methods}{chapter.9}% 1107
\BOOKMARK [1][-]{Rfn.logLik.Rdash.methods.1}{logLik-methods}{chapter.9}% 1108
\BOOKMARK [1][-]{Rfn.mle.1}{mle}{chapter.9}% 1109
\BOOKMARK [1][-]{Rfn.mle.Rdash.class.1}{mle-class}{chapter.9}% 1110
\BOOKMARK [1][-]{Rfn.plot.Rdash.methods.1}{plot-methods}{chapter.9}% 1111
\BOOKMARK [1][-]{Rfn.profile.Rdash.methods.1}{profile-methods}{chapter.9}% 1112
\BOOKMARK [1][-]{Rfn.profile.mle.Rdash.class.1}{profile.mle-class}{chapter.9}% 1113
\BOOKMARK [1][-]{Rfn.show.Rdash.methods.1}{show-methods}{chapter.9}% 1114
\BOOKMARK [1][-]{Rfn.summary.Rdash.methods.1}{summary-methods}{chapter.9}% 1115
\BOOKMARK [1][-]{Rfn.summary.mle.Rdash.class.1}{summary.mle-class}{chapter.9}% 1116
\BOOKMARK [1][-]{Rfn.update.Rdash.methods.1}{update-methods}{chapter.9}% 1117
\BOOKMARK [1][-]{Rfn.vcov.Rdash.methods.1}{vcov-methods}{chapter.9}% 1118
\BOOKMARK [0][-]{chapter.10}{The tcltk package}{}% 1119
\BOOKMARK [1][-]{Rfn.tcltk.Rdash.package.1}{tcltk-package}{chapter.10}% 1120
\BOOKMARK [1][-]{Rfn.TclInterface.1}{TclInterface}{chapter.10}% 1121
\BOOKMARK [1][-]{Rfn.tclServiceMode.1}{tclServiceMode}{chapter.10}% 1122
\BOOKMARK [1][-]{Rfn.TkCommands.1}{TkCommands}{chapter.10}% 1123
\BOOKMARK [1][-]{Rfn.tkpager.1}{tkpager}{chapter.10}% 1124
\BOOKMARK [1][-]{Rfn.tkProgressBar.1}{tkProgressBar}{chapter.10}% 1125
\BOOKMARK [1][-]{Rfn.tkStartGUI.1}{tkStartGUI}{chapter.10}% 1126
\BOOKMARK [1][-]{Rfn.TkWidgetcmds.1}{TkWidgetcmds}{chapter.10}% 1127
\BOOKMARK [1][-]{Rfn.TkWidgets.1}{TkWidgets}{chapter.10}% 1128
\BOOKMARK [1][-]{Rfn.tk.Rul.choose.dir.1}{tk\137choose.dir}{chapter.10}% 1129
\BOOKMARK [1][-]{Rfn.tk.Rul.choose.files.1}{tk\137choose.files}{chapter.10}% 1130
\BOOKMARK [1][-]{Rfn.tk.Rul.messageBox.1}{tk\137messageBox}{chapter.10}% 1131
\BOOKMARK [1][-]{Rfn.tk.Rul.select.list.1}{tk\137select.list}{chapter.10}% 1132
\BOOKMARK [0][-]{chapter.11}{The tools package}{}% 1133
\BOOKMARK [1][-]{Rfn.tools.Rdash.package.1}{tools-package}{chapter.11}% 1134
\BOOKMARK [1][-]{Rfn.add.Rul.datalist.1}{add\137datalist}{chapter.11}% 1135
\BOOKMARK [1][-]{Rfn.bibstyle.1}{bibstyle}{chapter.11}% 1136
\BOOKMARK [1][-]{Rfn.buildVignettes.1}{buildVignettes}{chapter.11}% 1137
\BOOKMARK [1][-]{Rfn.charsets.1}{charsets}{chapter.11}% 1138
\BOOKMARK [1][-]{Rfn.checkFF.1}{checkFF}{chapter.11}% 1139
\BOOKMARK [1][-]{Rfn.checkMD5sums.1}{checkMD5sums}{chapter.11}% 1140
\BOOKMARK [1][-]{Rfn.checkPoFiles.1}{checkPoFiles}{chapter.11}% 1141
\BOOKMARK [1][-]{Rfn.checkRd.1}{checkRd}{chapter.11}% 1142
\BOOKMARK [1][-]{Rfn.checkRdaFiles.1}{checkRdaFiles}{chapter.11}% 1143
\BOOKMARK [1][-]{Rfn.checkTnF.1}{checkTnF}{chapter.11}% 1144
\BOOKMARK [1][-]{Rfn.checkVignettes.1}{checkVignettes}{chapter.11}% 1145
\BOOKMARK [1][-]{Rfn.codoc.1}{codoc}{chapter.11}% 1146
\BOOKMARK [1][-]{Rfn.compactPDF.1}{compactPDF}{chapter.11}% 1147
\BOOKMARK [1][-]{Rfn.delimMatch.1}{delimMatch}{chapter.11}% 1148
\BOOKMARK [1][-]{Rfn.dependsOnPkgs.1}{dependsOnPkgs}{chapter.11}% 1149
\BOOKMARK [1][-]{Rfn.encoded.Rul.text.Rul.to.Rul.latex.1}{encoded\137text\137to\137latex}{chapter.11}% 1150
\BOOKMARK [1][-]{Rfn.fileutils.1}{fileutils}{chapter.11}% 1151
\BOOKMARK [1][-]{Rfn.getDepList.1}{getDepList}{chapter.11}% 1152
\BOOKMARK [1][-]{Rfn.HTMLheader.1}{HTMLheader}{chapter.11}% 1153
\BOOKMARK [1][-]{Rfn.HTMLlinks.1}{HTMLlinks}{chapter.11}% 1154
\BOOKMARK [1][-]{Rfn.installFoundDepends.1}{installFoundDepends}{chapter.11}% 1155
\BOOKMARK [1][-]{Rfn.md5sum.1}{md5sum}{chapter.11}% 1156
\BOOKMARK [1][-]{Rfn.package.dependencies.1}{package.dependencies}{chapter.11}% 1157
\BOOKMARK [1][-]{Rfn.package.Rul.dependencies.1}{package\137dependencies}{chapter.11}% 1158
\BOOKMARK [1][-]{Rfn.parseLatex.1}{parseLatex}{chapter.11}% 1159
\BOOKMARK [1][-]{Rfn.parse.Rul.Rd.1}{parse\137Rd}{chapter.11}% 1160
\BOOKMARK [1][-]{Rfn.pskill.1}{pskill}{chapter.11}% 1161
\BOOKMARK [1][-]{Rfn.psnice.1}{psnice}{chapter.11}% 1162
\BOOKMARK [1][-]{Rfn.QC.1}{QC}{chapter.11}% 1163
\BOOKMARK [1][-]{Rfn.Rd2HTML.1}{Rd2HTML}{chapter.11}% 1164
\BOOKMARK [1][-]{Rfn.Rd2txt.Rul.options.1}{Rd2txt\137options}{chapter.11}% 1165
\BOOKMARK [1][-]{Rfn.Rdiff.1}{Rdiff}{chapter.11}% 1166
\BOOKMARK [1][-]{Rfn.Rdindex.1}{Rdindex}{chapter.11}% 1167
\BOOKMARK [1][-]{Rfn.RdTextFilter.1}{RdTextFilter}{chapter.11}% 1168
\BOOKMARK [1][-]{Rfn.Rdutils.1}{Rdutils}{chapter.11}% 1169
\BOOKMARK [1][-]{Rfn.read.00Index.1}{read.00Index}{chapter.11}% 1170
\BOOKMARK [1][-]{Rfn.readNEWS.1}{readNEWS}{chapter.11}% 1171
\BOOKMARK [1][-]{Rfn.showNonASCII.1}{showNonASCII}{chapter.11}% 1172
\BOOKMARK [1][-]{Rfn.startDynamicHelp.1}{startDynamicHelp}{chapter.11}% 1173
\BOOKMARK [1][-]{Rfn.SweaveTeXFilter.1}{SweaveTeXFilter}{chapter.11}% 1174
\BOOKMARK [1][-]{Rfn.testInstalledPackage.1}{testInstalledPackage}{chapter.11}% 1175
\BOOKMARK [1][-]{Rfn.texi2dvi.1}{texi2dvi}{chapter.11}% 1176
\BOOKMARK [1][-]{Rfn.toHTML.1}{toHTML}{chapter.11}% 1177
\BOOKMARK [1][-]{Rfn.tools.Rdash.deprecated.1}{tools-deprecated}{chapter.11}% 1178
\BOOKMARK [1][-]{Rfn.toRd.1}{toRd}{chapter.11}% 1179
\BOOKMARK [1][-]{Rfn.undoc.1}{undoc}{chapter.11}% 1180
\BOOKMARK [1][-]{Rfn.vignetteDepends.1}{vignetteDepends}{chapter.11}% 1181
\BOOKMARK [1][-]{Rfn.write.Rul.PACKAGES.1}{write\137PACKAGES}{chapter.11}% 1182
\BOOKMARK [1][-]{Rfn.xgettext.1}{xgettext}{chapter.11}% 1183
\BOOKMARK [0][-]{chapter.12}{The utils package}{}% 1184
\BOOKMARK [1][-]{Rfn.utils.Rdash.package.1}{utils-package}{chapter.12}% 1185
\BOOKMARK [1][-]{Rfn.adist.1}{adist}{chapter.12}% 1186
\BOOKMARK [1][-]{Rfn.alarm.1}{alarm}{chapter.12}% 1187
\BOOKMARK [1][-]{Rfn.apropos.1}{apropos}{chapter.12}% 1188
\BOOKMARK [1][-]{Rfn.aregexec.1}{aregexec}{chapter.12}% 1189
\BOOKMARK [1][-]{Rfn.arrangeWindows.1}{arrangeWindows}{chapter.12}% 1190
\BOOKMARK [1][-]{Rfn.aspell.1}{aspell}{chapter.12}% 1191
\BOOKMARK [1][-]{Rfn.aspell.Rdash.utils.1}{aspell-utils}{chapter.12}% 1192
\BOOKMARK [1][-]{Rfn.available.packages.1}{available.packages}{chapter.12}% 1193
\BOOKMARK [1][-]{Rfn.BATCH.1}{BATCH}{chapter.12}% 1194
\BOOKMARK [1][-]{Rfn.bibentry.1}{bibentry}{chapter.12}% 1195
\BOOKMARK [1][-]{Rfn.browseEnv.1}{browseEnv}{chapter.12}% 1196
\BOOKMARK [1][-]{Rfn.browseURL.1}{browseURL}{chapter.12}% 1197
\BOOKMARK [1][-]{Rfn.browseVignettes.1}{browseVignettes}{chapter.12}% 1198
\BOOKMARK [1][-]{Rfn.bug.report.1}{bug.report}{chapter.12}% 1199
\BOOKMARK [1][-]{Rfn.capture.output.1}{capture.output}{chapter.12}% 1200
\BOOKMARK [1][-]{Rfn.choose.dir.1}{choose.dir}{chapter.12}% 1201
\BOOKMARK [1][-]{Rfn.choose.files.1}{choose.files}{chapter.12}% 1202
\BOOKMARK [1][-]{Rfn.chooseBioCmirror.1}{chooseBioCmirror}{chapter.12}% 1203
\BOOKMARK [1][-]{Rfn.chooseCRANmirror.1}{chooseCRANmirror}{chapter.12}% 1204
\BOOKMARK [1][-]{Rfn.citation.1}{citation}{chapter.12}% 1205
\BOOKMARK [1][-]{Rfn.citEntry.1}{citEntry}{chapter.12}% 1206
\BOOKMARK [1][-]{Rfn.clipboard.1}{clipboard}{chapter.12}% 1207
\BOOKMARK [1][-]{Rfn.close.socket.1}{close.socket}{chapter.12}% 1208
\BOOKMARK [1][-]{Rfn.combn.1}{combn}{chapter.12}% 1209
\BOOKMARK [1][-]{Rfn.compareVersion.1}{compareVersion}{chapter.12}% 1210
\BOOKMARK [1][-]{Rfn.contrib.url.1}{contrib.url}{chapter.12}% 1211
\BOOKMARK [1][-]{Rfn.count.fields.1}{count.fields}{chapter.12}% 1212
\BOOKMARK [1][-]{Rfn.create.post.1}{create.post}{chapter.12}% 1213
\BOOKMARK [1][-]{Rfn.data.1}{data}{chapter.12}% 1214
\BOOKMARK [1][-]{Rfn.dataentry.1}{dataentry}{chapter.12}% 1215
\BOOKMARK [1][-]{Rfn.debugger.1}{debugger}{chapter.12}% 1216
\BOOKMARK [1][-]{Rfn.demo.1}{demo}{chapter.12}% 1217
\BOOKMARK [1][-]{Rfn.DLL.version.1}{DLL.version}{chapter.12}% 1218
\BOOKMARK [1][-]{Rfn.download.file.1}{download.file}{chapter.12}% 1219
\BOOKMARK [1][-]{Rfn.download.packages.1}{download.packages}{chapter.12}% 1220
\BOOKMARK [1][-]{Rfn.edit.1}{edit}{chapter.12}% 1221
\BOOKMARK [1][-]{Rfn.edit.data.frame.1}{edit.data.frame}{chapter.12}% 1222
\BOOKMARK [1][-]{Rfn.example.1}{example}{chapter.12}% 1223
\BOOKMARK [1][-]{Rfn.file.edit.1}{file.edit}{chapter.12}% 1224
\BOOKMARK [1][-]{Rfn.file.Rul.test.1}{file\137test}{chapter.12}% 1225
\BOOKMARK [1][-]{Rfn.findLineNum.1}{findLineNum}{chapter.12}% 1226
\BOOKMARK [1][-]{Rfn.fix.1}{fix}{chapter.12}% 1227
\BOOKMARK [1][-]{Rfn.flush.console.1}{flush.console}{chapter.12}% 1228
\BOOKMARK [1][-]{Rfn.format.1}{format}{chapter.12}% 1229
\BOOKMARK [1][-]{Rfn.getAnywhere.1}{getAnywhere}{chapter.12}% 1230
\BOOKMARK [1][-]{Rfn.getFromNamespace.1}{getFromNamespace}{chapter.12}% 1231
\BOOKMARK [1][-]{Rfn.getS3method.1}{getS3method}{chapter.12}% 1232
\BOOKMARK [1][-]{Rfn.getWindowsHandle.1}{getWindowsHandle}{chapter.12}% 1233
\BOOKMARK [1][-]{Rfn.getWindowsHandles.1}{getWindowsHandles}{chapter.12}% 1234
\BOOKMARK [1][-]{Rfn.glob2rx.1}{glob2rx}{chapter.12}% 1235
\BOOKMARK [1][-]{Rfn.globalVariables.1}{globalVariables}{chapter.12}% 1236
\BOOKMARK [1][-]{Rfn.head.1}{head}{chapter.12}% 1237
\BOOKMARK [1][-]{Rfn.help.1}{help}{chapter.12}% 1238
\BOOKMARK [1][-]{Rfn.help.request.1}{help.request}{chapter.12}% 1239
\BOOKMARK [1][-]{Rfn.help.search.1}{help.search}{chapter.12}% 1240
\BOOKMARK [1][-]{Rfn.help.start.1}{help.start}{chapter.12}% 1241
\BOOKMARK [1][-]{Rfn.INSTALL.1}{INSTALL}{chapter.12}% 1242
\BOOKMARK [1][-]{Rfn.install.packages.1}{install.packages}{chapter.12}% 1243
\BOOKMARK [1][-]{Rfn.installed.packages.1}{installed.packages}{chapter.12}% 1244
\BOOKMARK [1][-]{Rfn.localeToCharset.1}{localeToCharset}{chapter.12}% 1245
\BOOKMARK [1][-]{Rfn.ls.str.1}{ls.str}{chapter.12}% 1246
\BOOKMARK [1][-]{Rfn.maintainer.1}{maintainer}{chapter.12}% 1247
\BOOKMARK [1][-]{Rfn.make.packages.html.1}{make.packages.html}{chapter.12}% 1248
\BOOKMARK [1][-]{Rfn.make.socket.1}{make.socket}{chapter.12}% 1249
\BOOKMARK [1][-]{Rfn.memory.size.1}{memory.size}{chapter.12}% 1250
\BOOKMARK [1][-]{Rfn.menu.1}{menu}{chapter.12}% 1251
\BOOKMARK [1][-]{Rfn.methods.1}{methods}{chapter.12}% 1252
\BOOKMARK [1][-]{Rfn.mirrorAdmin.1}{mirrorAdmin}{chapter.12}% 1253
\BOOKMARK [1][-]{Rfn.modifyList.1}{modifyList}{chapter.12}% 1254
\BOOKMARK [1][-]{Rfn.news.1}{news}{chapter.12}% 1255
\BOOKMARK [1][-]{Rfn.object.size.1}{object.size}{chapter.12}% 1256
\BOOKMARK [1][-]{Rfn.package.skeleton.1}{package.skeleton}{chapter.12}% 1257
\BOOKMARK [1][-]{Rfn.packageDescription.1}{packageDescription}{chapter.12}% 1258
\BOOKMARK [1][-]{Rfn.packageStatus.1}{packageStatus}{chapter.12}% 1259
\BOOKMARK [1][-]{Rfn.page.1}{page}{chapter.12}% 1260
\BOOKMARK [1][-]{Rfn.person.1}{person}{chapter.12}% 1261
\BOOKMARK [1][-]{Rfn.PkgUtils.1}{PkgUtils}{chapter.12}% 1262
\BOOKMARK [1][-]{Rfn.prompt.1}{prompt}{chapter.12}% 1263
\BOOKMARK [1][-]{Rfn.promptData.1}{promptData}{chapter.12}% 1264
\BOOKMARK [1][-]{Rfn.promptPackage.1}{promptPackage}{chapter.12}% 1265
\BOOKMARK [1][-]{Rfn.Question.1}{Question}{chapter.12}% 1266
\BOOKMARK [1][-]{Rfn.rcompgen.1}{rcompgen}{chapter.12}% 1267
\BOOKMARK [1][-]{Rfn.read.DIF.1}{read.DIF}{chapter.12}% 1268
\BOOKMARK [1][-]{Rfn.read.fortran.1}{read.fortran}{chapter.12}% 1269
\BOOKMARK [1][-]{Rfn.read.fwf.1}{read.fwf}{chapter.12}% 1270
\BOOKMARK [1][-]{Rfn.read.socket.1}{read.socket}{chapter.12}% 1271
\BOOKMARK [1][-]{Rfn.read.table.1}{read.table}{chapter.12}% 1272
\BOOKMARK [1][-]{Rfn.readRegistry.1}{readRegistry}{chapter.12}% 1273
\BOOKMARK [1][-]{Rfn.recover.1}{recover}{chapter.12}% 1274
\BOOKMARK [1][-]{Rfn.relist.1}{relist}{chapter.12}% 1275
\BOOKMARK [1][-]{Rfn.REMOVE.1}{REMOVE}{chapter.12}% 1276
\BOOKMARK [1][-]{Rfn.remove.packages.1}{remove.packages}{chapter.12}% 1277
\BOOKMARK [1][-]{Rfn.removeSource.1}{removeSource}{chapter.12}% 1278
\BOOKMARK [1][-]{Rfn.roman.1}{roman}{chapter.12}% 1279
\BOOKMARK [1][-]{Rfn.Rprof.1}{Rprof}{chapter.12}% 1280
\BOOKMARK [1][-]{Rfn.Rprofmem.1}{Rprofmem}{chapter.12}% 1281
\BOOKMARK [1][-]{Rfn.Rscript.1}{Rscript}{chapter.12}% 1282
\BOOKMARK [1][-]{Rfn.RShowDoc.1}{RShowDoc}{chapter.12}% 1283
\BOOKMARK [1][-]{Rfn.RSiteSearch.1}{RSiteSearch}{chapter.12}% 1284
\BOOKMARK [1][-]{Rfn.rtags.1}{rtags}{chapter.12}% 1285
\BOOKMARK [1][-]{Rfn.Rtangle.1}{Rtangle}{chapter.12}% 1286
\BOOKMARK [1][-]{Rfn.RweaveLatex.1}{RweaveLatex}{chapter.12}% 1287
\BOOKMARK [1][-]{Rfn.Rwin configuration.1}{Rwin configuration}{chapter.12}% 1288
\BOOKMARK [1][-]{Rfn.savehistory.1}{savehistory}{chapter.12}% 1289
\BOOKMARK [1][-]{Rfn.select.list.1}{select.list}{chapter.12}% 1290
\BOOKMARK [1][-]{Rfn.sessionInfo.1}{sessionInfo}{chapter.12}% 1291
\BOOKMARK [1][-]{Rfn.setInternet2.1}{setInternet2}{chapter.12}% 1292
\BOOKMARK [1][-]{Rfn.setRepositories.1}{setRepositories}{chapter.12}% 1293
\BOOKMARK [1][-]{Rfn.setWindowTitle.1}{setWindowTitle}{chapter.12}% 1294
\BOOKMARK [1][-]{Rfn.SHLIB.1}{SHLIB}{chapter.12}% 1295
\BOOKMARK [1][-]{Rfn.shortPathName.1}{shortPathName}{chapter.12}% 1296
\BOOKMARK [1][-]{Rfn.sourceutils.1}{sourceutils}{chapter.12}% 1297
\BOOKMARK [1][-]{Rfn.stack.1}{stack}{chapter.12}% 1298
\BOOKMARK [1][-]{Rfn.str.1}{str}{chapter.12}% 1299
\BOOKMARK [1][-]{Rfn.summaryRprof.1}{summaryRprof}{chapter.12}% 1300
\BOOKMARK [1][-]{Rfn.Sweave.1}{Sweave}{chapter.12}% 1301
\BOOKMARK [1][-]{Rfn.SweaveSyntConv.1}{SweaveSyntConv}{chapter.12}% 1302
\BOOKMARK [1][-]{Rfn.tar.1}{tar}{chapter.12}% 1303
\BOOKMARK [1][-]{Rfn.toLatex.1}{toLatex}{chapter.12}% 1304
\BOOKMARK [1][-]{Rfn.txtProgressBar.1}{txtProgressBar}{chapter.12}% 1305
\BOOKMARK [1][-]{Rfn.type.convert.1}{type.convert}{chapter.12}% 1306
\BOOKMARK [1][-]{Rfn.untar.1}{untar}{chapter.12}% 1307
\BOOKMARK [1][-]{Rfn.unzip.1}{unzip}{chapter.12}% 1308
\BOOKMARK [1][-]{Rfn.update.packages.1}{update.packages}{chapter.12}% 1309
\BOOKMARK [1][-]{Rfn.url.show.1}{url.show}{chapter.12}% 1310
\BOOKMARK [1][-]{Rfn.URLencode.1}{URLencode}{chapter.12}% 1311
\BOOKMARK [1][-]{Rfn.utils.Rdash.deprecated.1}{utils-deprecated}{chapter.12}% 1312
\BOOKMARK [1][-]{Rfn.View.1}{View}{chapter.12}% 1313
\BOOKMARK [1][-]{Rfn.vignette.1}{vignette}{chapter.12}% 1314
\BOOKMARK [1][-]{Rfn.winDialog.1}{winDialog}{chapter.12}% 1315
\BOOKMARK [1][-]{Rfn.winextras.1}{winextras}{chapter.12}% 1316
\BOOKMARK [1][-]{Rfn.winMenus.1}{winMenus}{chapter.12}% 1317
\BOOKMARK [1][-]{Rfn.winProgressBar.1}{winProgressBar}{chapter.12}% 1318
\BOOKMARK [1][-]{Rfn.write.table.1}{write.table}{chapter.12}% 1319
\BOOKMARK [1][-]{Rfn.zip.1}{zip}{chapter.12}% 1320
\BOOKMARK [0][-]{index.0}{Index}{}% 1321
